{"/home/runner/work/pob/pob/@pob/pretty-pkg/lib/index.js": {"path":"/home/runner/work/pob/pob/@pob/pretty-pkg/lib/index.js","statementMap":{"0":{"start":{"line":6,"column":2},"end":{"line":15,"column":3}},"1":{"start":{"line":7,"column":4},"end":{"line":7,"column":26}},"2":{"start":{"line":8,"column":4},"end":{"line":12,"column":5}},"3":{"start":{"line":9,"column":6},"end":{"line":11,"column":8}},"4":{"start":{"line":13,"column":9},"end":{"line":15,"column":3}},"5":{"start":{"line":14,"column":4},"end":{"line":14,"column":63}},"6":{"start":{"line":17,"column":2},"end":{"line":21,"column":3}},"7":{"start":{"line":18,"column":4},"end":{"line":20,"column":6}},"8":{"start":{"line":23,"column":2},"end":{"line":23,"column":15}},"9":{"start":{"line":24,"column":2},"end":{"line":28,"column":5}},"10":{"start":{"line":32,"column":17},"end":{"line":32,"column":54}},"11":{"start":{"line":33,"column":2},"end":{"line":33,"column":43}},"12":{"start":{"line":37,"column":14},"end":{"line":37,"column":45}},"13":{"start":{"line":38,"column":2},"end":{"line":38,"column":42}}},"fnMap":{"0":{"name":"prettyPkg","decl":{"start":{"line":5,"column":24},"end":{"line":5,"column":33}},"loc":{"start":{"line":5,"column":56},"end":{"line":29,"column":1}},"line":5},"1":{"name":"write","decl":{"start":{"line":31,"column":22},"end":{"line":31,"column":27}},"loc":{"start":{"line":31,"column":56},"end":{"line":34,"column":1}},"line":31},"2":{"name":"override","decl":{"start":{"line":36,"column":22},"end":{"line":36,"column":30}},"loc":{"start":{"line":36,"column":54},"end":{"line":39,"column":1}},"line":36}},"branchMap":{"0":{"loc":{"start":{"line":6,"column":2},"end":{"line":15,"column":3}},"type":"if","locations":[{"start":{"line":6,"column":2},"end":{"line":15,"column":3}},{"start":{"line":13,"column":9},"end":{"line":15,"column":3}}],"line":6},"1":{"loc":{"start":{"line":8,"column":4},"end":{"line":12,"column":5}},"type":"if","locations":[{"start":{"line":8,"column":4},"end":{"line":12,"column":5}},{"start":{},"end":{}}],"line":8},"2":{"loc":{"start":{"line":13,"column":9},"end":{"line":15,"column":3}},"type":"if","locations":[{"start":{"line":13,"column":9},"end":{"line":15,"column":3}},{"start":{},"end":{}}],"line":13},"3":{"loc":{"start":{"line":17,"column":2},"end":{"line":21,"column":3}},"type":"if","locations":[{"start":{"line":17,"column":2},"end":{"line":21,"column":3}},{"start":{},"end":{}}],"line":17}},"s":{"0":0,"1":0,"2":0,"3":0,"4":0,"5":0,"6":0,"7":0,"8":0,"9":0,"10":0,"11":0,"12":0,"13":0},"f":{"0":0,"1":0,"2":0},"b":{"0":[0,0],"1":[0,0],"2":[0,0],"3":[0,0]},"_coverageSchema":"1a1c01bbd47fc00a2c39e90264f33305004495a9","hash":"610bb96cb348796491ac0a2df4175310102ab1e0"}
,"/home/runner/work/pob/pob/@pob/rollup/lib/index.js": {"path":"/home/runner/work/pob/pob/@pob/rollup/lib/index.js","statementMap":{"0":{"start":{"line":4,"column":31},"end":{"line":9,"column":1}},"1":{"start":{"line":5,"column":2},"end":{"line":5,"column":62}},"2":{"start":{"line":5,"column":48},"end":{"line":5,"column":62}},"3":{"start":{"line":6,"column":2},"end":{"line":6,"column":41}},"4":{"start":{"line":6,"column":24},"end":{"line":6,"column":41}},"5":{"start":{"line":7,"column":2},"end":{"line":7,"column":37}},"6":{"start":{"line":7,"column":23},"end":{"line":7,"column":37}},"7":{"start":{"line":8,"column":2},"end":{"line":8,"column":25}},"8":{"start":{"line":11,"column":28},"end":{"line":33,"column":1}},"9":{"start":{"line":13,"column":2},"end":{"line":26,"column":5}},"10":{"start":{"line":14,"column":31},"end":{"line":18,"column":5}},"11":{"start":{"line":20,"column":4},"end":{"line":23,"column":5}},"12":{"start":{"line":21,"column":6},"end":{"line":21,"column":37}},"13":{"start":{"line":22,"column":6},"end":{"line":22,"column":18}},"14":{"start":{"line":25,"column":4},"end":{"line":25,"column":17}},"15":{"start":{"line":28,"column":2},"end":{"line":30,"column":3}},"16":{"start":{"line":29,"column":4},"end":{"line":29,"column":80}},"17":{"start":{"line":32,"column":2},"end":{"line":32,"column":19}}},"fnMap":{"0":{"name":"(anonymous_0)","decl":{"start":{"line":4,"column":31},"end":{"line":4,"column":32}},"loc":{"start":{"line":4,"column":52},"end":{"line":9,"column":1}},"line":4},"1":{"name":"(anonymous_1)","decl":{"start":{"line":11,"column":28},"end":{"line":11,"column":29}},"loc":{"start":{"line":11,"column":48},"end":{"line":33,"column":1}},"line":11},"2":{"name":"(anonymous_2)","decl":{"start":{"line":13,"column":34},"end":{"line":13,"column":35}},"loc":{"start":{"line":13,"column":49},"end":{"line":26,"column":3}},"line":13}},"branchMap":{"0":{"loc":{"start":{"line":5,"column":2},"end":{"line":5,"column":62}},"type":"if","locations":[{"start":{"line":5,"column":2},"end":{"line":5,"column":62}},{"start":{},"end":{}}],"line":5},"1":{"loc":{"start":{"line":5,"column":6},"end":{"line":5,"column":46}},"type":"binary-expr","locations":[{"start":{"line":5,"column":6},"end":{"line":5,"column":22}},{"start":{"line":5,"column":26},"end":{"line":5,"column":46}}],"line":5},"2":{"loc":{"start":{"line":6,"column":2},"end":{"line":6,"column":41}},"type":"if","locations":[{"start":{"line":6,"column":2},"end":{"line":6,"column":41}},{"start":{},"end":{}}],"line":6},"3":{"loc":{"start":{"line":7,"column":2},"end":{"line":7,"column":37}},"type":"if","locations":[{"start":{"line":7,"column":2},"end":{"line":7,"column":37}},{"start":{},"end":{}}],"line":7},"4":{"loc":{"start":{"line":20,"column":4},"end":{"line":23,"column":5}},"type":"if","locations":[{"start":{"line":20,"column":4},"end":{"line":23,"column":5}},{"start":{},"end":{}}],"line":20},"5":{"loc":{"start":{"line":28,"column":2},"end":{"line":30,"column":3}},"type":"if","locations":[{"start":{"line":28,"column":2},"end":{"line":30,"column":3}},{"start":{},"end":{}}],"line":28}},"s":{"0":1,"1":5,"2":0,"3":5,"4":2,"5":3,"6":3,"7":0,"8":1,"9":0,"10":0,"11":0,"12":0,"13":0,"14":0,"15":0,"16":0,"17":0},"f":{"0":5,"1":0,"2":0},"b":{"0":[0,5],"1":[5,2],"2":[2,3],"3":[3,0],"4":[0,0],"5":[0,0]},"_coverageSchema":"1a1c01bbd47fc00a2c39e90264f33305004495a9","hash":"a739a6674f0616b10597b5134593ab5173e84f82"}
,"/home/runner/work/pob/pob/@pob/sort-object/lib/index.js": {"path":"/home/runner/work/pob/pob/@pob/sort-object/lib/index.js","statementMap":{"0":{"start":{"line":2,"column":2},"end":{"line":2,"column":72}},"1":{"start":{"line":2,"column":31},"end":{"line":2,"column":72}},"2":{"start":{"line":3,"column":18},"end":{"line":3,"column":28}},"3":{"start":{"line":4,"column":18},"end":{"line":4,"column":34}},"4":{"start":{"line":5,"column":2},"end":{"line":5,"column":44}},"5":{"start":{"line":5,"column":27},"end":{"line":5,"column":42}},"6":{"start":{"line":6,"column":2},"end":{"line":11,"column":5}},"7":{"start":{"line":7,"column":28},"end":{"line":7,"column":55}},"8":{"start":{"line":8,"column":30},"end":{"line":8,"column":76}},"9":{"start":{"line":10,"column":4},"end":{"line":10,"column":28}},"10":{"start":{"line":12,"column":2},"end":{"line":12,"column":13}}},"fnMap":{"0":{"name":"sortObject","decl":{"start":{"line":1,"column":24},"end":{"line":1,"column":34}},"loc":{"start":{"line":1,"column":51},"end":{"line":13,"column":1}},"line":1},"1":{"name":"(anonymous_1)","decl":{"start":{"line":5,"column":18},"end":{"line":5,"column":19}},"loc":{"start":{"line":5,"column":27},"end":{"line":5,"column":42}},"line":5},"2":{"name":"(anonymous_2)","decl":{"start":{"line":7,"column":19},"end":{"line":7,"column":20}},"loc":{"start":{"line":7,"column":28},"end":{"line":7,"column":55}},"line":7},"3":{"name":"(anonymous_3)","decl":{"start":{"line":8,"column":20},"end":{"line":8,"column":21}},"loc":{"start":{"line":8,"column":30},"end":{"line":8,"column":76}},"line":8},"4":{"name":"(anonymous_4)","decl":{"start":{"line":9,"column":12},"end":{"line":9,"column":13}},"loc":{"start":{"line":9,"column":21},"end":{"line":11,"column":3}},"line":9}},"branchMap":{"0":{"loc":{"start":{"line":1,"column":40},"end":{"line":1,"column":49}},"type":"default-arg","locations":[{"start":{"line":1,"column":47},"end":{"line":1,"column":49}}],"line":1},"1":{"loc":{"start":{"line":2,"column":2},"end":{"line":2,"column":72}},"type":"if","locations":[{"start":{"line":2,"column":2},"end":{"line":2,"column":72}},{"start":{},"end":{}}],"line":2}},"s":{"0":0,"1":0,"2":0,"3":0,"4":0,"5":0,"6":0,"7":0,"8":0,"9":0,"10":0},"f":{"0":0,"1":0,"2":0,"3":0,"4":0},"b":{"0":[0],"1":[0,0]},"_coverageSchema":"1a1c01bbd47fc00a2c39e90264f33305004495a9","hash":"68c67eab607ecbb8407ed627e545d0080fc2df4d"}
,"/home/runner/work/pob/pob/@pob/sort-pkg/lib/index.js": {"path":"/home/runner/work/pob/pob/@pob/sort-pkg/lib/index.js","statementMap":{"0":{"start":{"line":6,"column":2},"end":{"line":78,"column":5}},"1":{"start":{"line":80,"column":2},"end":{"line":80,"column":35}},"2":{"start":{"line":80,"column":15},"end":{"line":80,"column":35}},"3":{"start":{"line":81,"column":2},"end":{"line":81,"column":43}},"4":{"start":{"line":81,"column":19},"end":{"line":81,"column":43}},"5":{"start":{"line":82,"column":2},"end":{"line":82,"column":47}},"6":{"start":{"line":82,"column":21},"end":{"line":82,"column":47}},"7":{"start":{"line":83,"column":2},"end":{"line":83,"column":65}},"8":{"start":{"line":83,"column":30},"end":{"line":83,"column":65}},"9":{"start":{"line":84,"column":2},"end":{"line":84,"column":51}},"10":{"start":{"line":84,"column":23},"end":{"line":84,"column":51}},"11":{"start":{"line":85,"column":2},"end":{"line":85,"column":69}},"12":{"start":{"line":85,"column":32},"end":{"line":85,"column":69}},"13":{"start":{"line":86,"column":2},"end":{"line":86,"column":61}},"14":{"start":{"line":86,"column":28},"end":{"line":86,"column":61}},"15":{"start":{"line":87,"column":2},"end":{"line":87,"column":67}},"16":{"start":{"line":87,"column":31},"end":{"line":87,"column":67}},"17":{"start":{"line":88,"column":2},"end":{"line":88,"column":53}},"18":{"start":{"line":88,"column":24},"end":{"line":88,"column":53}},"19":{"start":{"line":89,"column":2},"end":{"line":89,"column":59}},"20":{"start":{"line":89,"column":27},"end":{"line":89,"column":59}},"21":{"start":{"line":90,"column":2},"end":{"line":90,"column":67}},"22":{"start":{"line":90,"column":31},"end":{"line":90,"column":67}},"23":{"start":{"line":91,"column":2},"end":{"line":91,"column":65}},"24":{"start":{"line":91,"column":30},"end":{"line":91,"column":65}},"25":{"start":{"line":92,"column":2},"end":{"line":92,"column":69}},"26":{"start":{"line":92,"column":32},"end":{"line":92,"column":69}},"27":{"start":{"line":94,"column":2},"end":{"line":94,"column":13}}},"fnMap":{"0":{"name":"sortPkg","decl":{"start":{"line":5,"column":24},"end":{"line":5,"column":31}},"loc":{"start":{"line":5,"column":37},"end":{"line":95,"column":1}},"line":5}},"branchMap":{"0":{"loc":{"start":{"line":80,"column":2},"end":{"line":80,"column":35}},"type":"if","locations":[{"start":{"line":80,"column":2},"end":{"line":80,"column":35}},{"start":{},"end":{}}],"line":80},"1":{"loc":{"start":{"line":81,"column":2},"end":{"line":81,"column":43}},"type":"if","locations":[{"start":{"line":81,"column":2},"end":{"line":81,"column":43}},{"start":{},"end":{}}],"line":81},"2":{"loc":{"start":{"line":82,"column":2},"end":{"line":82,"column":47}},"type":"if","locations":[{"start":{"line":82,"column":2},"end":{"line":82,"column":47}},{"start":{},"end":{}}],"line":82},"3":{"loc":{"start":{"line":83,"column":2},"end":{"line":83,"column":65}},"type":"if","locations":[{"start":{"line":83,"column":2},"end":{"line":83,"column":65}},{"start":{},"end":{}}],"line":83},"4":{"loc":{"start":{"line":84,"column":2},"end":{"line":84,"column":51}},"type":"if","locations":[{"start":{"line":84,"column":2},"end":{"line":84,"column":51}},{"start":{},"end":{}}],"line":84},"5":{"loc":{"start":{"line":85,"column":2},"end":{"line":85,"column":69}},"type":"if","locations":[{"start":{"line":85,"column":2},"end":{"line":85,"column":69}},{"start":{},"end":{}}],"line":85},"6":{"loc":{"start":{"line":86,"column":2},"end":{"line":86,"column":61}},"type":"if","locations":[{"start":{"line":86,"column":2},"end":{"line":86,"column":61}},{"start":{},"end":{}}],"line":86},"7":{"loc":{"start":{"line":87,"column":2},"end":{"line":87,"column":67}},"type":"if","locations":[{"start":{"line":87,"column":2},"end":{"line":87,"column":67}},{"start":{},"end":{}}],"line":87},"8":{"loc":{"start":{"line":88,"column":2},"end":{"line":88,"column":53}},"type":"if","locations":[{"start":{"line":88,"column":2},"end":{"line":88,"column":53}},{"start":{},"end":{}}],"line":88},"9":{"loc":{"start":{"line":89,"column":2},"end":{"line":89,"column":59}},"type":"if","locations":[{"start":{"line":89,"column":2},"end":{"line":89,"column":59}},{"start":{},"end":{}}],"line":89},"10":{"loc":{"start":{"line":90,"column":2},"end":{"line":90,"column":67}},"type":"if","locations":[{"start":{"line":90,"column":2},"end":{"line":90,"column":67}},{"start":{},"end":{}}],"line":90},"11":{"loc":{"start":{"line":91,"column":2},"end":{"line":91,"column":65}},"type":"if","locations":[{"start":{"line":91,"column":2},"end":{"line":91,"column":65}},{"start":{},"end":{}}],"line":91},"12":{"loc":{"start":{"line":92,"column":2},"end":{"line":92,"column":69}},"type":"if","locations":[{"start":{"line":92,"column":2},"end":{"line":92,"column":69}},{"start":{},"end":{}}],"line":92}},"s":{"0":0,"1":0,"2":0,"3":0,"4":0,"5":0,"6":0,"7":0,"8":0,"9":0,"10":0,"11":0,"12":0,"13":0,"14":0,"15":0,"16":0,"17":0,"18":0,"19":0,"20":0,"21":0,"22":0,"23":0,"24":0,"25":0,"26":0,"27":0},"f":{"0":0},"b":{"0":[0,0],"1":[0,0],"2":[0,0],"3":[0,0],"4":[0,0],"5":[0,0],"6":[0,0],"7":[0,0],"8":[0,0],"9":[0,0],"10":[0,0],"11":[0,0],"12":[0,0]},"_coverageSchema":"1a1c01bbd47fc00a2c39e90264f33305004495a9","hash":"db47801545c2b8bd7c14265725f70700e53a2b4c"}
,"/home/runner/work/pob/pob/packages/babel-plugin-fix-class-properties-uninitialized/lib/index.js": {"path":"/home/runner/work/pob/pob/packages/babel-plugin-fix-class-properties-uninitialized/lib/index.js","statementMap":{"0":{"start":{"line":2,"column":2},"end":{"line":15,"column":4}},"1":{"start":{"line":6,"column":21},"end":{"line":6,"column":37}},"2":{"start":{"line":8,"column":8},"end":{"line":12,"column":9}},"3":{"start":{"line":9,"column":10},"end":{"line":11,"column":11}},"4":{"start":{"line":10,"column":12},"end":{"line":10,"column":26}}},"fnMap":{"0":{"name":"(anonymous_0)","decl":{"start":{"line":1,"column":15},"end":{"line":1,"column":16}},"loc":{"start":{"line":1,"column":27},"end":{"line":16,"column":1}},"line":1},"1":{"name":"(anonymous_1)","decl":{"start":{"line":5,"column":6},"end":{"line":5,"column":7}},"loc":{"start":{"line":5,"column":25},"end":{"line":13,"column":7}},"line":5}},"branchMap":{"0":{"loc":{"start":{"line":9,"column":10},"end":{"line":11,"column":11}},"type":"if","locations":[{"start":{"line":9,"column":10},"end":{"line":11,"column":11}},{"start":{},"end":{}}],"line":9},"1":{"loc":{"start":{"line":9,"column":14},"end":{"line":9,"column":72}},"type":"binary-expr","locations":[{"start":{"line":9,"column":14},"end":{"line":9,"column":31}},{"start":{"line":9,"column":35},"end":{"line":9,"column":52}},{"start":{"line":9,"column":56},"end":{"line":9,"column":72}}],"line":9}},"s":{"0":4,"1":6,"2":6,"3":10,"4":6},"f":{"0":4,"1":6},"b":{"0":[6,4],"1":[10,6,6]},"_coverageSchema":"1a1c01bbd47fc00a2c39e90264f33305004495a9","hash":"c78c20b19dbe3b360a51c0bb94f2dff8fc5ac7fc"}
,"/home/runner/work/pob/pob/packages/babel-preset-pob-env/lib/index.js": {"path":"/home/runner/work/pob/pob/packages/babel-preset-pob-env/lib/index.js","statementMap":{"0":{"start":{"line":7,"column":26},"end":{"line":7,"column":52}},"1":{"start":{"line":10,"column":18},"end":{"line":10,"column":48}},"2":{"start":{"line":12,"column":2},"end":{"line":21,"column":5}},"3":{"start":{"line":13,"column":4},"end":{"line":20,"column":5}},"4":{"start":{"line":17,"column":6},"end":{"line":19,"column":8}},"5":{"start":{"line":23,"column":2},"end":{"line":27,"column":5}},"6":{"start":{"line":24,"column":4},"end":{"line":26,"column":5}},"7":{"start":{"line":25,"column":6},"end":{"line":25,"column":63}},"8":{"start":{"line":29,"column":23},"end":{"line":29,"column":71}},"9":{"start":{"line":31,"column":4},"end":{"line":31,"column":64}},"10":{"start":{"line":33,"column":2},"end":{"line":33,"column":74}},"11":{"start":{"line":33,"column":32},"end":{"line":33,"column":74}},"12":{"start":{"line":35,"column":2},"end":{"line":41,"column":3}},"13":{"start":{"line":36,"column":4},"end":{"line":40,"column":6}},"14":{"start":{"line":43,"column":16},"end":{"line":43,"column":61}},"15":{"start":{"line":45,"column":4},"end":{"line":45,"column":64}},"16":{"start":{"line":46,"column":21},"end":{"line":46,"column":75}},"17":{"start":{"line":47,"column":18},"end":{"line":47,"column":67}},"18":{"start":{"line":49,"column":24},"end":{"line":49,"column":66}},"19":{"start":{"line":49,"column":59},"end":{"line":49,"column":65}},"20":{"start":{"line":51,"column":2},"end":{"line":53,"column":3}},"21":{"start":{"line":52,"column":4},"end":{"line":52,"column":75}},"22":{"start":{"line":55,"column":2},"end":{"line":60,"column":3}},"23":{"start":{"line":56,"column":4},"end":{"line":59,"column":6}},"24":{"start":{"line":65,"column":2},"end":{"line":122,"column":3}},"25":{"start":{"line":72,"column":6},"end":{"line":79,"column":7}},"26":{"start":{"line":73,"column":8},"end":{"line":78,"column":10}},"27":{"start":{"line":80,"column":6},"end":{"line":80,"column":12}},"28":{"start":{"line":83,"column":6},"end":{"line":113,"column":7}},"29":{"start":{"line":84,"column":8},"end":{"line":95,"column":10}},"30":{"start":{"line":97,"column":8},"end":{"line":112,"column":10}},"31":{"start":{"line":114,"column":6},"end":{"line":114,"column":12}},"32":{"start":{"line":117,"column":6},"end":{"line":117,"column":26}},"33":{"start":{"line":118,"column":6},"end":{"line":118,"column":12}},"34":{"start":{"line":121,"column":6},"end":{"line":121,"column":40}},"35":{"start":{"line":124,"column":2},"end":{"line":184,"column":4}}},"fnMap":{"0":{"name":"(anonymous_0)","decl":{"start":{"line":9,"column":15},"end":{"line":9,"column":16}},"loc":{"start":{"line":9,"column":45},"end":{"line":185,"column":1}},"line":9},"1":{"name":"(anonymous_1)","decl":{"start":{"line":12,"column":51},"end":{"line":12,"column":52}},"loc":{"start":{"line":12,"column":67},"end":{"line":21,"column":3}},"line":12},"2":{"name":"(anonymous_2)","decl":{"start":{"line":23,"column":49},"end":{"line":23,"column":50}},"loc":{"start":{"line":23,"column":65},"end":{"line":27,"column":3}},"line":23},"3":{"name":"(anonymous_3)","decl":{"start":{"line":49,"column":47},"end":{"line":49,"column":48}},"loc":{"start":{"line":49,"column":59},"end":{"line":49,"column":65}},"line":49}},"branchMap":{"0":{"loc":{"start":{"line":9,"column":34},"end":{"line":9,"column":43}},"type":"default-arg","locations":[{"start":{"line":9,"column":41},"end":{"line":9,"column":43}}],"line":9},"1":{"loc":{"start":{"line":13,"column":4},"end":{"line":20,"column":5}},"type":"if","locations":[{"start":{"line":13,"column":4},"end":{"line":20,"column":5}},{"start":{},"end":{}}],"line":13},"2":{"loc":{"start":{"line":14,"column":6},"end":{"line":15,"column":43}},"type":"binary-expr","locations":[{"start":{"line":14,"column":6},"end":{"line":14,"column":36}},{"start":{"line":15,"column":6},"end":{"line":15,"column":43}}],"line":14},"3":{"loc":{"start":{"line":24,"column":4},"end":{"line":26,"column":5}},"type":"if","locations":[{"start":{"line":24,"column":4},"end":{"line":26,"column":5}},{"start":{},"end":{}}],"line":24},"4":{"loc":{"start":{"line":29,"column":23},"end":{"line":29,"column":71}},"type":"cond-expr","locations":[{"start":{"line":29,"column":51},"end":{"line":29,"column":62}},{"start":{"line":29,"column":65},"end":{"line":29,"column":71}}],"line":29},"5":{"loc":{"start":{"line":31,"column":4},"end":{"line":31,"column":64}},"type":"cond-expr","locations":[{"start":{"line":31,"column":32},"end":{"line":31,"column":52}},{"start":{"line":31,"column":55},"end":{"line":31,"column":64}}],"line":31},"6":{"loc":{"start":{"line":33,"column":2},"end":{"line":33,"column":74}},"type":"if","locations":[{"start":{"line":33,"column":2},"end":{"line":33,"column":74}},{"start":{},"end":{}}],"line":33},"7":{"loc":{"start":{"line":35,"column":2},"end":{"line":41,"column":3}},"type":"if","locations":[{"start":{"line":35,"column":2},"end":{"line":41,"column":3}},{"start":{},"end":{}}],"line":35},"8":{"loc":{"start":{"line":35,"column":6},"end":{"line":35,"column":63}},"type":"binary-expr","locations":[{"start":{"line":35,"column":6},"end":{"line":35,"column":18}},{"start":{"line":35,"column":22},"end":{"line":35,"column":63}}],"line":35},"9":{"loc":{"start":{"line":43,"column":16},"end":{"line":43,"column":61}},"type":"cond-expr","locations":[{"start":{"line":43,"column":43},"end":{"line":43,"column":53}},{"start":{"line":43,"column":56},"end":{"line":43,"column":61}}],"line":43},"10":{"loc":{"start":{"line":45,"column":4},"end":{"line":45,"column":64}},"type":"cond-expr","locations":[{"start":{"line":45,"column":39},"end":{"line":45,"column":57}},{"start":{"line":45,"column":60},"end":{"line":45,"column":64}}],"line":45},"11":{"loc":{"start":{"line":46,"column":21},"end":{"line":46,"column":75}},"type":"cond-expr","locations":[{"start":{"line":46,"column":53},"end":{"line":46,"column":68}},{"start":{"line":46,"column":71},"end":{"line":46,"column":75}}],"line":46},"12":{"loc":{"start":{"line":47,"column":18},"end":{"line":47,"column":67}},"type":"cond-expr","locations":[{"start":{"line":47,"column":47},"end":{"line":47,"column":59}},{"start":{"line":47,"column":62},"end":{"line":47,"column":67}}],"line":47},"13":{"loc":{"start":{"line":49,"column":24},"end":{"line":49,"column":66}},"type":"binary-expr","locations":[{"start":{"line":49,"column":24},"end":{"line":49,"column":42}},{"start":{"line":49,"column":47},"end":{"line":49,"column":65}}],"line":49},"14":{"loc":{"start":{"line":51,"column":2},"end":{"line":53,"column":3}},"type":"if","locations":[{"start":{"line":51,"column":2},"end":{"line":53,"column":3}},{"start":{},"end":{}}],"line":51},"15":{"loc":{"start":{"line":55,"column":2},"end":{"line":60,"column":3}},"type":"if","locations":[{"start":{"line":55,"column":2},"end":{"line":60,"column":3}},{"start":{},"end":{}}],"line":55},"16":{"loc":{"start":{"line":55,"column":6},"end":{"line":55,"column":49}},"type":"binary-expr","locations":[{"start":{"line":55,"column":6},"end":{"line":55,"column":23}},{"start":{"line":55,"column":27},"end":{"line":55,"column":49}}],"line":55},"17":{"loc":{"start":{"line":65,"column":2},"end":{"line":122,"column":3}},"type":"switch","locations":[{"start":{"line":66,"column":4},"end":{"line":80,"column":12}},{"start":{"line":82,"column":4},"end":{"line":114,"column":12}},{"start":{"line":116,"column":4},"end":{"line":118,"column":12}},{"start":{"line":120,"column":4},"end":{"line":121,"column":40}}],"line":65},"18":{"loc":{"start":{"line":72,"column":6},"end":{"line":79,"column":7}},"type":"if","locations":[{"start":{"line":72,"column":6},"end":{"line":79,"column":7}},{"start":{},"end":{}}],"line":72},"19":{"loc":{"start":{"line":83,"column":6},"end":{"line":113,"column":7}},"type":"if","locations":[{"start":{"line":83,"column":6},"end":{"line":113,"column":7}},{"start":{"line":96,"column":13},"end":{"line":113,"column":7}}],"line":83},"20":{"loc":{"start":{"line":128,"column":6},"end":{"line":133,"column":7}},"type":"binary-expr","locations":[{"start":{"line":128,"column":6},"end":{"line":128,"column":16}},{"start":{"line":128,"column":20},"end":{"line":133,"column":7}}],"line":128},"21":{"loc":{"start":{"line":136,"column":6},"end":{"line":143,"column":7}},"type":"binary-expr","locations":[{"start":{"line":136,"column":6},"end":{"line":136,"column":16}},{"start":{"line":136,"column":20},"end":{"line":143,"column":7}}],"line":136},"22":{"loc":{"start":{"line":146,"column":6},"end":{"line":148,"column":7}},"type":"binary-expr","locations":[{"start":{"line":146,"column":6},"end":{"line":146,"column":19}},{"start":{"line":146,"column":23},"end":{"line":148,"column":7}}],"line":146},"23":{"loc":{"start":{"line":164,"column":6},"end":{"line":172,"column":7}},"type":"binary-expr","locations":[{"start":{"line":164,"column":6},"end":{"line":164,"column":19}},{"start":{"line":164,"column":23},"end":{"line":172,"column":7}}],"line":164}},"s":{"0":2,"1":9,"2":9,"3":27,"4":0,"5":9,"6":27,"7":0,"8":9,"9":9,"10":9,"11":0,"12":9,"13":0,"14":9,"15":9,"16":9,"17":9,"18":9,"19":4,"20":9,"21":0,"22":9,"23":0,"24":9,"25":5,"26":0,"27":5,"28":4,"29":2,"30":2,"31":4,"32":0,"33":0,"34":0,"35":9},"f":{"0":9,"1":27,"2":27,"3":4},"b":{"0":[0],"1":[0,27],"2":[27,21],"3":[0,27],"4":[9,0],"5":[9,0],"6":[0,9],"7":[0,9],"8":[9,9],"9":[7,2],"10":[7,2],"11":[7,2],"12":[7,2],"13":[9,9],"14":[0,9],"15":[0,9],"16":[9,0],"17":[5,4,0,0],"18":[0,5],"19":[2,2],"20":[9,4],"21":[9,4],"22":[9,0],"23":[9,9]},"_coverageSchema":"1a1c01bbd47fc00a2c39e90264f33305004495a9","hash":"05e8cc2898c705ba4c47d9240238ff3d23bd2760"}
,"/home/runner/work/pob/pob/packages/babel-preset-pob-env/lib/pob-babel-replace-plugin.js": {"path":"/home/runner/work/pob/pob/packages/babel-preset-pob-env/lib/pob-babel-replace-plugin.js","statementMap":{"0":{"start":{"line":2,"column":36},"end":{"line":2,"column":40}},"1":{"start":{"line":4,"column":34},"end":{"line":18,"column":3}},"2":{"start":{"line":5,"column":4},"end":{"line":17,"column":6}},"3":{"start":{"line":20,"column":21},"end":{"line":24,"column":3}},"4":{"start":{"line":21,"column":4},"end":{"line":21,"column":66}},"5":{"start":{"line":21,"column":29},"end":{"line":21,"column":66}},"6":{"start":{"line":22,"column":4},"end":{"line":22,"column":51}},"7":{"start":{"line":22,"column":24},"end":{"line":22,"column":51}},"8":{"start":{"line":23,"column":4},"end":{"line":23,"column":50}},"9":{"start":{"line":26,"column":25},"end":{"line":26,"column":68}},"10":{"start":{"line":27,"column":26},"end":{"line":27,"column":63}},"11":{"start":{"line":28,"column":26},"end":{"line":28,"column":57}},"12":{"start":{"line":30,"column":27},"end":{"line":36,"column":3}},"13":{"start":{"line":38,"column":25},"end":{"line":89,"column":3}},"14":{"start":{"line":40,"column":19},"end":{"line":40,"column":28}},"15":{"start":{"line":41,"column":6},"end":{"line":41,"column":52}},"16":{"start":{"line":41,"column":45},"end":{"line":41,"column":52}},"17":{"start":{"line":42,"column":6},"end":{"line":46,"column":7}},"18":{"start":{"line":43,"column":8},"end":{"line":45,"column":10}},"19":{"start":{"line":47,"column":6},"end":{"line":63,"column":9}},"20":{"start":{"line":48,"column":8},"end":{"line":50,"column":9}},"21":{"start":{"line":49,"column":10},"end":{"line":49,"column":71}},"22":{"start":{"line":52,"column":32},"end":{"line":52,"column":73}},"23":{"start":{"line":54,"column":8},"end":{"line":58,"column":9}},"24":{"start":{"line":55,"column":10},"end":{"line":57,"column":12}},"25":{"start":{"line":60,"column":8},"end":{"line":62,"column":10}},"26":{"start":{"line":61,"column":19},"end":{"line":61,"column":51}},"27":{"start":{"line":65,"column":6},"end":{"line":65,"column":20}},"28":{"start":{"line":68,"column":23},"end":{"line":68,"column":27}},"29":{"start":{"line":69,"column":6},"end":{"line":71,"column":7}},"30":{"start":{"line":70,"column":8},"end":{"line":70,"column":15}},"31":{"start":{"line":73,"column":6},"end":{"line":87,"column":7}},"32":{"start":{"line":74,"column":8},"end":{"line":74,"column":41}},"33":{"start":{"line":75,"column":13},"end":{"line":87,"column":7}},"34":{"start":{"line":84,"column":8},"end":{"line":86,"column":10}},"35":{"start":{"line":91,"column":2},"end":{"line":100,"column":4}},"36":{"start":{"line":96,"column":10},"end":{"line":96,"column":47}}},"fnMap":{"0":{"name":"(anonymous_0)","decl":{"start":{"line":1,"column":15},"end":{"line":1,"column":16}},"loc":{"start":{"line":1,"column":42},"end":{"line":101,"column":1}},"line":1},"1":{"name":"(anonymous_1)","decl":{"start":{"line":4,"column":34},"end":{"line":4,"column":35}},"loc":{"start":{"line":4,"column":57},"end":{"line":18,"column":3}},"line":4},"2":{"name":"(anonymous_2)","decl":{"start":{"line":20,"column":21},"end":{"line":20,"column":22}},"loc":{"start":{"line":20,"column":32},"end":{"line":24,"column":3}},"line":20},"3":{"name":"(anonymous_3)","decl":{"start":{"line":39,"column":4},"end":{"line":39,"column":5}},"loc":{"start":{"line":39,"column":28},"end":{"line":66,"column":5}},"line":39},"4":{"name":"(anonymous_4)","decl":{"start":{"line":47,"column":30},"end":{"line":47,"column":31}},"loc":{"start":{"line":47,"column":45},"end":{"line":63,"column":7}},"line":47},"5":{"name":"(anonymous_5)","decl":{"start":{"line":61,"column":10},"end":{"line":61,"column":11}},"loc":{"start":{"line":61,"column":19},"end":{"line":61,"column":51}},"line":61},"6":{"name":"(anonymous_6)","decl":{"start":{"line":67,"column":4},"end":{"line":67,"column":5}},"loc":{"start":{"line":67,"column":31},"end":{"line":88,"column":5}},"line":67},"7":{"name":"(anonymous_7)","decl":{"start":{"line":95,"column":8},"end":{"line":95,"column":9}},"loc":{"start":{"line":95,"column":27},"end":{"line":97,"column":9}},"line":95}},"branchMap":{"0":{"loc":{"start":{"line":6,"column":6},"end":{"line":6,"column":25}},"type":"cond-expr","locations":[{"start":{"line":6,"column":12},"end":{"line":6,"column":17}},{"start":{"line":6,"column":20},"end":{"line":6,"column":25}}],"line":6},"1":{"loc":{"start":{"line":21,"column":4},"end":{"line":21,"column":66}},"type":"if","locations":[{"start":{"line":21,"column":4},"end":{"line":21,"column":66}},{"start":{},"end":{}}],"line":21},"2":{"loc":{"start":{"line":22,"column":4},"end":{"line":22,"column":51}},"type":"if","locations":[{"start":{"line":22,"column":4},"end":{"line":22,"column":51}},{"start":{},"end":{}}],"line":22},"3":{"loc":{"start":{"line":41,"column":6},"end":{"line":41,"column":52}},"type":"if","locations":[{"start":{"line":41,"column":6},"end":{"line":41,"column":52}},{"start":{},"end":{}}],"line":41},"4":{"loc":{"start":{"line":42,"column":6},"end":{"line":46,"column":7}},"type":"if","locations":[{"start":{"line":42,"column":6},"end":{"line":46,"column":7}},{"start":{},"end":{}}],"line":42},"5":{"loc":{"start":{"line":48,"column":8},"end":{"line":50,"column":9}},"type":"if","locations":[{"start":{"line":48,"column":8},"end":{"line":50,"column":9}},{"start":{},"end":{}}],"line":48},"6":{"loc":{"start":{"line":54,"column":8},"end":{"line":58,"column":9}},"type":"if","locations":[{"start":{"line":54,"column":8},"end":{"line":58,"column":9}},{"start":{},"end":{}}],"line":54},"7":{"loc":{"start":{"line":69,"column":6},"end":{"line":71,"column":7}},"type":"if","locations":[{"start":{"line":69,"column":6},"end":{"line":71,"column":7}},{"start":{},"end":{}}],"line":69},"8":{"loc":{"start":{"line":73,"column":6},"end":{"line":87,"column":7}},"type":"if","locations":[{"start":{"line":73,"column":6},"end":{"line":87,"column":7}},{"start":{"line":75,"column":13},"end":{"line":87,"column":7}}],"line":73},"9":{"loc":{"start":{"line":75,"column":13},"end":{"line":87,"column":7}},"type":"if","locations":[{"start":{"line":75,"column":13},"end":{"line":87,"column":7}},{"start":{},"end":{}}],"line":75}},"s":{"0":9,"1":9,"2":27,"3":9,"4":18,"5":0,"6":18,"7":0,"8":18,"9":9,"10":9,"11":9,"12":9,"13":9,"14":20,"15":20,"16":17,"17":3,"18":0,"19":3,"20":3,"21":0,"22":3,"23":3,"24":0,"25":3,"26":3,"27":3,"28":89,"29":89,"30":28,"31":61,"32":6,"33":55,"34":0,"35":9,"36":17},"f":{"0":9,"1":27,"2":18,"3":20,"4":3,"5":3,"6":89,"7":17},"b":{"0":[9,18],"1":[0,18],"2":[0,18],"3":[17,3],"4":[0,3],"5":[0,3],"6":[0,3],"7":[28,61],"8":[6,55],"9":[0,55]},"_coverageSchema":"1a1c01bbd47fc00a2c39e90264f33305004495a9","hash":"6b320fad2167d59aaf513dae04ac1940dc8b2c0a"}
,"/home/runner/work/pob/pob/packages/babel-preset-pob-env/lib/__tests_fixtures__/node-async-import.js": {"path":"/home/runner/work/pob/pob/packages/babel-preset-pob-env/lib/__tests_fixtures__/node-async-import.js","statementMap":{"0":{"start":{"line":1,"column":29},"end":{"line":5,"column":1}},"1":{"start":{"line":7,"column":22},"end":{"line":10,"column":1}},"2":{"start":{"line":12,"column":24},"end":{"line":15,"column":1}}},"fnMap":{},"branchMap":{},"s":{"0":1,"1":1,"2":1},"f":{},"b":{},"_coverageSchema":"1a1c01bbd47fc00a2c39e90264f33305004495a9","hash":"2e577e56ceacb71d7125d5bc8b49af65b0487c50"}
,"/home/runner/work/pob/pob/packages/babel-preset-pob-env/lib/__tests_fixtures__/node14.8-top-level-await.js": {"path":"/home/runner/work/pob/pob/packages/babel-preset-pob-env/lib/__tests_fixtures__/node14.8-top-level-await.js","statementMap":{"0":{"start":{"line":1,"column":29},"end":{"line":5,"column":1}},"1":{"start":{"line":7,"column":22},"end":{"line":10,"column":1}},"2":{"start":{"line":12,"column":24},"end":{"line":15,"column":1}}},"fnMap":{},"branchMap":{},"s":{"0":1,"1":1,"2":1},"f":{},"b":{},"_coverageSchema":"1a1c01bbd47fc00a2c39e90264f33305004495a9","hash":"dcad45bdac56397095b2f155e62b4544c7fef509"}
,"/home/runner/work/pob/pob/packages/pob-babel/lib/createRollupConfig.js": {"path":"/home/runner/work/pob/pob/packages/pob-babel/lib/createRollupConfig.js","statementMap":{"0":{"start":{"line":15,"column":30},"end":{"line":15,"column":47}},"1":{"start":{"line":27,"column":2},"end":{"line":31,"column":3}},"2":{"start":{"line":28,"column":4},"end":{"line":30,"column":6}},"3":{"start":{"line":32,"column":2},"end":{"line":36,"column":3}},"4":{"start":{"line":33,"column":4},"end":{"line":35,"column":6}},"5":{"start":{"line":38,"column":4},"end":{"line":38,"column":74}},"6":{"start":{"line":39,"column":18},"end":{"line":41,"column":23}},"7":{"start":{"line":44,"column":4},"end":{"line":49,"column":8}},"8":{"start":{"line":52,"column":4},"end":{"line":52,"column":58}},"9":{"start":{"line":53,"column":33},"end":{"line":55,"column":15}},"10":{"start":{"line":57,"column":22},"end":{"line":70,"column":3}},"11":{"start":{"line":58,"column":4},"end":{"line":69,"column":5}},"12":{"start":{"line":64,"column":8},"end":{"line":64,"column":22}},"13":{"start":{"line":66,"column":8},"end":{"line":66,"column":23}},"14":{"start":{"line":68,"column":8},"end":{"line":68,"column":23}},"15":{"start":{"line":72,"column":32},"end":{"line":72,"column":63}},"16":{"start":{"line":74,"column":23},"end":{"line":102,"column":3}},"17":{"start":{"line":76,"column":6},"end":{"line":78,"column":15}},"18":{"start":{"line":80,"column":4},"end":{"line":93,"column":7}},"19":{"start":{"line":81,"column":33},"end":{"line":85,"column":7}},"20":{"start":{"line":87,"column":6},"end":{"line":90,"column":7}},"21":{"start":{"line":88,"column":8},"end":{"line":88,"column":39}},"22":{"start":{"line":89,"column":8},"end":{"line":89,"column":20}},"23":{"start":{"line":92,"column":6},"end":{"line":92,"column":19}},"24":{"start":{"line":95,"column":4},"end":{"line":99,"column":5}},"25":{"start":{"line":96,"column":6},"end":{"line":98,"column":8}},"26":{"start":{"line":101,"column":4},"end":{"line":101,"column":21}},"27":{"start":{"line":104,"column":29},"end":{"line":216,"column":3}},"28":{"start":{"line":105,"column":23},"end":{"line":105,"column":78}},"29":{"start":{"line":106,"column":23},"end":{"line":110,"column":21}},"30":{"start":{"line":111,"column":24},"end":{"line":111,"column":28}},"31":{"start":{"line":113,"column":4},"end":{"line":215,"column":6}},"32":{"start":{"line":115,"column":55},"end":{"line":137,"column":7}},"33":{"start":{"line":141,"column":14},"end":{"line":143,"column":15}},"34":{"start":{"line":141,"column":54},"end":{"line":141,"column":72}},"35":{"start":{"line":142,"column":16},"end":{"line":142,"column":28}},"36":{"start":{"line":144,"column":14},"end":{"line":144,"column":49}},"37":{"start":{"line":218,"column":2},"end":{"line":223,"column":5}},"38":{"start":{"line":219,"column":4},"end":{"line":222,"column":7}},"39":{"start":{"line":220,"column":24},"end":{"line":220,"column":55}},"40":{"start":{"line":221,"column":6},"end":{"line":221,"column":55}}},"fnMap":{"0":{"name":"createRollupConfig","decl":{"start":{"line":17,"column":24},"end":{"line":17,"column":42}},"loc":{"start":{"line":26,"column":8},"end":{"line":224,"column":1}},"line":26},"1":{"name":"(anonymous_1)","decl":{"start":{"line":57,"column":22},"end":{"line":57,"column":23}},"loc":{"start":{"line":57,"column":35},"end":{"line":70,"column":3}},"line":57},"2":{"name":"(anonymous_2)","decl":{"start":{"line":74,"column":23},"end":{"line":74,"column":24}},"loc":{"start":{"line":74,"column":42},"end":{"line":102,"column":3}},"line":74},"3":{"name":"(anonymous_3)","decl":{"start":{"line":80,"column":36},"end":{"line":80,"column":37}},"loc":{"start":{"line":80,"column":51},"end":{"line":93,"column":5}},"line":80},"4":{"name":"(anonymous_4)","decl":{"start":{"line":104,"column":29},"end":{"line":104,"column":30}},"loc":{"start":{"line":104,"column":56},"end":{"line":216,"column":3}},"line":104},"5":{"name":"(anonymous_5)","decl":{"start":{"line":115,"column":42},"end":{"line":115,"column":43}},"loc":{"start":{"line":115,"column":55},"end":{"line":137,"column":7}},"line":115},"6":{"name":"(anonymous_6)","decl":{"start":{"line":140,"column":12},"end":{"line":140,"column":13}},"loc":{"start":{"line":140,"column":22},"end":{"line":145,"column":13}},"line":140},"7":{"name":"(anonymous_7)","decl":{"start":{"line":141,"column":45},"end":{"line":141,"column":46}},"loc":{"start":{"line":141,"column":54},"end":{"line":141,"column":72}},"line":141},"8":{"name":"(anonymous_8)","decl":{"start":{"line":218,"column":57},"end":{"line":218,"column":58}},"loc":{"start":{"line":218,"column":66},"end":{"line":223,"column":3}},"line":218},"9":{"name":"(anonymous_9)","decl":{"start":{"line":219,"column":23},"end":{"line":219,"column":24}},"loc":{"start":{"line":219,"column":34},"end":{"line":222,"column":5}},"line":219}},"branchMap":{"0":{"loc":{"start":{"line":17,"column":43},"end":{"line":26,"column":6}},"type":"default-arg","locations":[{"start":{"line":26,"column":4},"end":{"line":26,"column":6}}],"line":17},"1":{"loc":{"start":{"line":18,"column":2},"end":{"line":18,"column":21}},"type":"default-arg","locations":[{"start":{"line":18,"column":8},"end":{"line":18,"column":21}}],"line":18},"2":{"loc":{"start":{"line":19,"column":2},"end":{"line":19,"column":23}},"type":"default-arg","locations":[{"start":{"line":19,"column":17},"end":{"line":19,"column":23}}],"line":19},"3":{"loc":{"start":{"line":20,"column":2},"end":{"line":20,"column":64}},"type":"default-arg","locations":[{"start":{"line":20,"column":8},"end":{"line":20,"column":64}}],"line":20},"4":{"loc":{"start":{"line":21,"column":2},"end":{"line":21,"column":14}},"type":"default-arg","locations":[{"start":{"line":21,"column":12},"end":{"line":21,"column":14}}],"line":21},"5":{"loc":{"start":{"line":24,"column":2},"end":{"line":25,"column":77}},"type":"default-arg","locations":[{"start":{"line":24,"column":14},"end":{"line":25,"column":77}}],"line":24},"6":{"loc":{"start":{"line":24,"column":14},"end":{"line":25,"column":77}},"type":"binary-expr","locations":[{"start":{"line":24,"column":14},"end":{"line":24,"column":21}},{"start":{"line":25,"column":4},"end":{"line":25,"column":77}}],"line":24},"7":{"loc":{"start":{"line":27,"column":2},"end":{"line":31,"column":3}},"type":"if","locations":[{"start":{"line":27,"column":2},"end":{"line":31,"column":3}},{"start":{},"end":{}}],"line":27},"8":{"loc":{"start":{"line":32,"column":2},"end":{"line":36,"column":3}},"type":"if","locations":[{"start":{"line":32,"column":2},"end":{"line":36,"column":3}},{"start":{},"end":{}}],"line":32},"9":{"loc":{"start":{"line":38,"column":4},"end":{"line":38,"column":74}},"type":"binary-expr","locations":[{"start":{"line":38,"column":4},"end":{"line":38,"column":36}},{"start":{"line":38,"column":40},"end":{"line":38,"column":74}}],"line":38},"10":{"loc":{"start":{"line":39,"column":18},"end":{"line":41,"column":23}},"type":"cond-expr","locations":[{"start":{"line":40,"column":6},"end":{"line":40,"column":46}},{"start":{"line":41,"column":6},"end":{"line":41,"column":23}}],"line":39},"11":{"loc":{"start":{"line":44,"column":4},"end":{"line":49,"column":8}},"type":"binary-expr","locations":[{"start":{"line":44,"column":4},"end":{"line":44,"column":17}},{"start":{"line":45,"column":5},"end":{"line":45,"column":28}},{"start":{"line":46,"column":6},"end":{"line":49,"column":7}}],"line":44},"12":{"loc":{"start":{"line":47,"column":8},"end":{"line":48,"column":62}},"type":"binary-expr","locations":[{"start":{"line":47,"column":9},"end":{"line":47,"column":25}},{"start":{"line":47,"column":29},"end":{"line":47,"column":51}},{"start":{"line":48,"column":11},"end":{"line":48,"column":31}},{"start":{"line":48,"column":35},"end":{"line":48,"column":61}}],"line":47},"13":{"loc":{"start":{"line":52,"column":4},"end":{"line":52,"column":58}},"type":"binary-expr","locations":[{"start":{"line":52,"column":4},"end":{"line":52,"column":20}},{"start":{"line":52,"column":24},"end":{"line":52,"column":58}}],"line":52},"14":{"loc":{"start":{"line":53,"column":33},"end":{"line":55,"column":15}},"type":"cond-expr","locations":[{"start":{"line":54,"column":6},"end":{"line":54,"column":48}},{"start":{"line":55,"column":6},"end":{"line":55,"column":15}}],"line":53},"15":{"loc":{"start":{"line":58,"column":4},"end":{"line":69,"column":5}},"type":"switch","locations":[{"start":{"line":59,"column":6},"end":{"line":59,"column":16}},{"start":{"line":60,"column":6},"end":{"line":60,"column":16}},{"start":{"line":61,"column":6},"end":{"line":61,"column":16}},{"start":{"line":62,"column":6},"end":{"line":62,"column":16}},{"start":{"line":63,"column":6},"end":{"line":64,"column":22}},{"start":{"line":65,"column":6},"end":{"line":66,"column":23}},{"start":{"line":67,"column":6},"end":{"line":68,"column":23}}],"line":58},"16":{"loc":{"start":{"line":76,"column":6},"end":{"line":78,"column":15}},"type":"cond-expr","locations":[{"start":{"line":77,"column":10},"end":{"line":77,"column":19}},{"start":{"line":78,"column":10},"end":{"line":78,"column":15}}],"line":76},"17":{"loc":{"start":{"line":76,"column":6},"end":{"line":76,"column":70}},"type":"binary-expr","locations":[{"start":{"line":76,"column":6},"end":{"line":76,"column":25}},{"start":{"line":76,"column":29},"end":{"line":76,"column":46}},{"start":{"line":76,"column":50},"end":{"line":76,"column":70}}],"line":76},"18":{"loc":{"start":{"line":87,"column":6},"end":{"line":90,"column":7}},"type":"if","locations":[{"start":{"line":87,"column":6},"end":{"line":90,"column":7}},{"start":{},"end":{}}],"line":87},"19":{"loc":{"start":{"line":95,"column":4},"end":{"line":99,"column":5}},"type":"if","locations":[{"start":{"line":95,"column":4},"end":{"line":99,"column":5}},{"start":{},"end":{}}],"line":95},"20":{"loc":{"start":{"line":105,"column":23},"end":{"line":105,"column":78}},"type":"binary-expr","locations":[{"start":{"line":105,"column":23},"end":{"line":105,"column":48}},{"start":{"line":105,"column":52},"end":{"line":105,"column":78}}],"line":105},"21":{"loc":{"start":{"line":107,"column":6},"end":{"line":109,"column":41}},"type":"cond-expr","locations":[{"start":{"line":108,"column":10},"end":{"line":108,"column":41}},{"start":{"line":109,"column":10},"end":{"line":109,"column":41}}],"line":107},"22":{"loc":{"start":{"line":108,"column":18},"end":{"line":108,"column":31}},"type":"binary-expr","locations":[{"start":{"line":108,"column":18},"end":{"line":108,"column":21}},{"start":{"line":108,"column":25},"end":{"line":108,"column":31}}],"line":108},"23":{"loc":{"start":{"line":109,"column":18},"end":{"line":109,"column":31}},"type":"binary-expr","locations":[{"start":{"line":109,"column":18},"end":{"line":109,"column":21}},{"start":{"line":109,"column":25},"end":{"line":109,"column":31}}],"line":109},"24":{"loc":{"start":{"line":115,"column":15},"end":{"line":115,"column":36}},"type":"binary-expr","locations":[{"start":{"line":115,"column":15},"end":{"line":115,"column":26}},{"start":{"line":115,"column":30},"end":{"line":115,"column":36}}],"line":115},"25":{"loc":{"start":{"line":121,"column":14},"end":{"line":121,"column":64}},"type":"cond-expr","locations":[{"start":{"line":121,"column":42},"end":{"line":121,"column":44}},{"start":{"line":121,"column":47},"end":{"line":121,"column":64}}],"line":121},"26":{"loc":{"start":{"line":121,"column":47},"end":{"line":121,"column":64}},"type":"binary-expr","locations":[{"start":{"line":121,"column":47},"end":{"line":121,"column":58}},{"start":{"line":121,"column":62},"end":{"line":121,"column":64}}],"line":121},"27":{"loc":{"start":{"line":123,"column":14},"end":{"line":125,"column":33}},"type":"cond-expr","locations":[{"start":{"line":124,"column":18},"end":{"line":124,"column":51}},{"start":{"line":125,"column":18},"end":{"line":125,"column":33}}],"line":123},"28":{"loc":{"start":{"line":139,"column":8},"end":{"line":146,"column":33}},"type":"cond-expr","locations":[{"start":{"line":140,"column":12},"end":{"line":145,"column":13}},{"start":{"line":146,"column":12},"end":{"line":146,"column":33}}],"line":139},"29":{"loc":{"start":{"line":141,"column":14},"end":{"line":143,"column":15}},"type":"if","locations":[{"start":{"line":141,"column":14},"end":{"line":143,"column":15}},{"start":{},"end":{}}],"line":141},"30":{"loc":{"start":{"line":148,"column":8},"end":{"line":151,"column":12}},"type":"binary-expr","locations":[{"start":{"line":148,"column":8},"end":{"line":148,"column":32}},{"start":{"line":149,"column":10},"end":{"line":151,"column":12}}],"line":148},"31":{"loc":{"start":{"line":158,"column":12},"end":{"line":167,"column":13}},"type":"binary-expr","locations":[{"start":{"line":158,"column":12},"end":{"line":158,"column":15}},{"start":{"line":158,"column":19},"end":{"line":167,"column":13}}],"line":158},"32":{"loc":{"start":{"line":177,"column":18},"end":{"line":179,"column":33}},"type":"cond-expr","locations":[{"start":{"line":178,"column":22},"end":{"line":178,"column":46}},{"start":{"line":179,"column":22},"end":{"line":179,"column":33}}],"line":177},"33":{"loc":{"start":{"line":218,"column":10},"end":{"line":218,"column":47}},"type":"binary-expr","locations":[{"start":{"line":218,"column":10},"end":{"line":218,"column":24}},{"start":{"line":218,"column":28},"end":{"line":218,"column":47}}],"line":218}},"s":{"0":1,"1":3,"2":0,"3":3,"4":0,"5":3,"6":3,"7":3,"8":3,"9":3,"10":3,"11":3,"12":3,"13":0,"14":0,"15":3,"16":3,"17":7,"18":7,"19":17,"20":17,"21":7,"22":7,"23":10,"24":7,"25":0,"26":7,"27":3,"28":7,"29":7,"30":7,"31":7,"32":10,"33":31,"34":62,"35":1,"36":30,"37":3,"38":7,"39":7,"40":7},"f":{"0":3,"1":3,"2":7,"3":17,"4":7,"5":10,"6":31,"7":62,"8":7,"9":7},"b":{"0":[0],"1":[0],"2":[3],"3":[3],"4":[3],"5":[3],"6":[3,0],"7":[0,3],"8":[0,3],"9":[3,3],"10":[0,3],"11":[3,2,2],"12":[2,2,2,0],"13":[3,3],"14":[3,0],"15":[0,0,0,0,3,0,0],"16":[0,7],"17":[7,0,0],"18":[7,10],"19":[0,7],"20":[7,5],"21":[2,5],"22":[2,0],"23":[5,2],"24":[7,4],"25":[0,10],"26":[10,2],"27":[5,5],"28":[4,3],"29":[1,30],"30":[7,3],"31":[7,2],"32":[3,4],"33":[3,3]},"_coverageSchema":"1a1c01bbd47fc00a2c39e90264f33305004495a9","hash":"6e360684b3c068419622c758dc1082f748ad51e6"}
,"/home/runner/work/pob/pob/packages/pob-babel/lib/rollup-plugin-ignore-browser-only-imports.js": {"path":"/home/runner/work/pob/pob/packages/pob-babel/lib/rollup-plugin-ignore-browser-only-imports.js","statementMap":{"0":{"start":{"line":1,"column":18},"end":{"line":1,"column":37}},"1":{"start":{"line":3,"column":2},"end":{"line":3,"column":69}},"2":{"start":{"line":6,"column":2},"end":{"line":15,"column":4}},"3":{"start":{"line":8,"column":6},"end":{"line":10,"column":15}},"4":{"start":{"line":8,"column":38},"end":{"line":8,"column":60}},"5":{"start":{"line":13,"column":6},"end":{"line":13,"column":53}}},"fnMap":{"0":{"name":"ignoreBrowserOnlyImports","decl":{"start":{"line":5,"column":24},"end":{"line":5,"column":48}},"loc":{"start":{"line":5,"column":65},"end":{"line":16,"column":1}},"line":5},"1":{"name":"(anonymous_1)","decl":{"start":{"line":7,"column":4},"end":{"line":7,"column":5}},"loc":{"start":{"line":7,"column":24},"end":{"line":11,"column":5}},"line":7},"2":{"name":"(anonymous_2)","decl":{"start":{"line":8,"column":29},"end":{"line":8,"column":30}},"loc":{"start":{"line":8,"column":38},"end":{"line":8,"column":60}},"line":8},"3":{"name":"(anonymous_3)","decl":{"start":{"line":12,"column":4},"end":{"line":12,"column":5}},"loc":{"start":{"line":12,"column":13},"end":{"line":14,"column":5}},"line":12}},"branchMap":{"0":{"loc":{"start":{"line":8,"column":13},"end":{"line":10,"column":14}},"type":"cond-expr","locations":[{"start":{"line":9,"column":10},"end":{"line":9,"column":23}},{"start":{"line":10,"column":10},"end":{"line":10,"column":14}}],"line":8},"1":{"loc":{"start":{"line":13,"column":13},"end":{"line":13,"column":52}},"type":"cond-expr","locations":[{"start":{"line":13,"column":36},"end":{"line":13,"column":45}},{"start":{"line":13,"column":48},"end":{"line":13,"column":52}}],"line":13}},"s":{"0":1,"1":1,"2":3,"3":13,"4":26,"5":7},"f":{"0":3,"1":13,"2":26,"3":7},"b":{"0":[1,12],"1":[1,6]},"_coverageSchema":"1a1c01bbd47fc00a2c39e90264f33305004495a9","hash":"50efdee7ecdf36f36d9ce7b15388dc80a16be7c9"}
,"/home/runner/work/pob/pob/packages/yarn-version/src/commands/version.ts": {"path":"/home/runner/work/pob/pob/packages/yarn-version/src/commands/version.ts","statementMap":{"0":{"start":{"line":103,"column":36},"end":{"line":786,"column":1}},"1":{"start":{"line":108,"column":2},"end":{"line":110,"column":3}},"2":{"start":{"line":109,"column":4},"end":{"line":109,"column":55}},"3":{"start":{"line":112,"column":2},"end":{"line":115,"column":5}},"4":{"start":{"line":117,"column":17},"end":{"line":117,"column":43}},"5":{"start":{"line":119,"column":24},"end":{"line":121,"column":37}},"6":{"start":{"line":123,"column":2},"end":{"line":125,"column":3}},"7":{"start":{"line":124,"column":4},"end":{"line":124,"column":74}},"8":{"start":{"line":127,"column":18},"end":{"line":127,"column":61}},"9":{"start":{"line":129,"column":2},"end":{"line":136,"column":3}},"10":{"start":{"line":130,"column":23},"end":{"line":130,"column":56}},"11":{"start":{"line":131,"column":4},"end":{"line":135,"column":5}},"12":{"start":{"line":132,"column":6},"end":{"line":134,"column":8}},"13":{"start":{"line":138,"column":32},"end":{"line":138,"column":62}},"14":{"start":{"line":139,"column":23},"end":{"line":139,"column":25}},"15":{"start":{"line":140,"column":19},"end":{"line":140,"column":21}},"16":{"start":{"line":141,"column":21},"end":{"line":141,"column":53}},"17":{"start":{"line":142,"column":39},"end":{"line":142,"column":79}},"18":{"start":{"line":144,"column":4},"end":{"line":146,"column":29}},"19":{"start":{"line":148,"column":2},"end":{"line":150,"column":3}},"20":{"start":{"line":149,"column":4},"end":{"line":149,"column":63}},"21":{"start":{"line":151,"column":2},"end":{"line":153,"column":3}},"22":{"start":{"line":152,"column":4},"end":{"line":152,"column":67}},"23":{"start":{"line":155,"column":32},"end":{"line":155,"column":76}},"24":{"start":{"line":157,"column":40},"end":{"line":162,"column":8}},"25":{"start":{"line":169,"column":6},"end":{"line":175,"column":4}},"26":{"start":{"line":177,"column":23},"end":{"line":182,"column":16}},"27":{"start":{"line":178,"column":4},"end":{"line":182,"column":16}},"28":{"start":{"line":184,"column":28},"end":{"line":184,"column":66}},"29":{"start":{"line":185,"column":26},"end":{"line":185,"column":76}},"30":{"start":{"line":188,"column":2},"end":{"line":192,"column":4}},"31":{"start":{"line":196,"column":50},"end":{"line":196,"column":52}},"32":{"start":{"line":197,"column":2},"end":{"line":224,"column":3}},"33":{"start":{"line":198,"column":26},"end":{"line":198,"column":53}},"34":{"start":{"line":199,"column":19},"end":{"line":199,"column":46}},"35":{"start":{"line":200,"column":4},"end":{"line":200,"column":71}},"36":{"start":{"line":200,"column":62},"end":{"line":200,"column":71}},"37":{"start":{"line":202,"column":20},"end":{"line":202,"column":41}},"38":{"start":{"line":204,"column":4},"end":{"line":216,"column":5}},"39":{"start":{"line":205,"column":6},"end":{"line":212,"column":7}},"40":{"start":{"line":209,"column":8},"end":{"line":211,"column":10}},"41":{"start":{"line":214,"column":6},"end":{"line":214,"column":60}},"42":{"start":{"line":215,"column":6},"end":{"line":215,"column":15}},"43":{"start":{"line":218,"column":4},"end":{"line":223,"column":7}},"44":{"start":{"line":226,"column":2},"end":{"line":230,"column":3}},"45":{"start":{"line":227,"column":4},"end":{"line":229,"column":7}},"46":{"start":{"line":232,"column":33},"end":{"line":254,"column":3}},"47":{"start":{"line":236,"column":10},"end":{"line":238,"column":23}},"48":{"start":{"line":240,"column":41},"end":{"line":242,"column":36}},"49":{"start":{"line":244,"column":28},"end":{"line":249,"column":15}},"50":{"start":{"line":251,"column":8},"end":{"line":251,"column":62}},"51":{"start":{"line":256,"column":2},"end":{"line":260,"column":3}},"52":{"start":{"line":257,"column":4},"end":{"line":259,"column":7}},"53":{"start":{"line":262,"column":29},"end":{"line":284,"column":7}},"54":{"start":{"line":267,"column":32},"end":{"line":267,"column":69}},"55":{"start":{"line":269,"column":42},"end":{"line":272,"column":13}},"56":{"start":{"line":273,"column":12},"end":{"line":281,"column":23}},"57":{"start":{"line":288,"column":2},"end":{"line":333,"column":3}},"58":{"start":{"line":289,"column":36},"end":{"line":289,"column":40}},"59":{"start":{"line":292,"column":4},"end":{"line":313,"column":5}},"60":{"start":{"line":293,"column":6},"end":{"line":293,"column":31}},"61":{"start":{"line":294,"column":6},"end":{"line":294,"column":44}},"62":{"start":{"line":296,"column":22},"end":{"line":296,"column":56}},"63":{"start":{"line":299,"column":6},"end":{"line":302,"column":7}},"64":{"start":{"line":300,"column":8},"end":{"line":300,"column":62}},"65":{"start":{"line":301,"column":8},"end":{"line":301,"column":17}},"66":{"start":{"line":304,"column":38},"end":{"line":307,"column":7}},"67":{"start":{"line":308,"column":6},"end":{"line":308,"column":26}},"68":{"start":{"line":310,"column":6},"end":{"line":312,"column":7}},"69":{"start":{"line":311,"column":8},"end":{"line":311,"column":43}},"70":{"start":{"line":315,"column":4},"end":{"line":332,"column":5}},"71":{"start":{"line":316,"column":6},"end":{"line":318,"column":7}},"72":{"start":{"line":317,"column":8},"end":{"line":317,"column":54}},"73":{"start":{"line":320,"column":29},"end":{"line":320,"column":50}},"74":{"start":{"line":322,"column":6},"end":{"line":326,"column":7}},"75":{"start":{"line":323,"column":8},"end":{"line":325,"column":10}},"76":{"start":{"line":328,"column":6},"end":{"line":331,"column":9}},"77":{"start":{"line":335,"column":2},"end":{"line":338,"column":3}},"78":{"start":{"line":336,"column":4},"end":{"line":336,"column":41}},"79":{"start":{"line":337,"column":4},"end":{"line":337,"column":11}},"80":{"start":{"line":340,"column":2},"end":{"line":340,"column":35}},"81":{"start":{"line":342,"column":27},"end":{"line":342,"column":64}},"82":{"start":{"line":343,"column":38},"end":{"line":346,"column":5}},"83":{"start":{"line":347,"column":18},"end":{"line":349,"column":23}},"84":{"start":{"line":351,"column":2},"end":{"line":491,"column":3}},"85":{"start":{"line":352,"column":4},"end":{"line":490,"column":5}},"86":{"start":{"line":353,"column":29},"end":{"line":353,"column":50}},"87":{"start":{"line":355,"column":6},"end":{"line":359,"column":7}},"88":{"start":{"line":356,"column":8},"end":{"line":358,"column":10}},"89":{"start":{"line":361,"column":31},"end":{"line":361,"column":63}},"90":{"start":{"line":362,"column":38},"end":{"line":362,"column":42}},"91":{"start":{"line":363,"column":36},"end":{"line":363,"column":38}},"92":{"start":{"line":364,"column":72},"end":{"line":364,"column":74}},"93":{"start":{"line":366,"column":6},"end":{"line":369,"column":7}},"94":{"start":{"line":367,"column":8},"end":{"line":367,"column":45}},"95":{"start":{"line":368,"column":8},"end":{"line":368,"column":70}},"96":{"start":{"line":371,"column":27},"end":{"line":371,"column":58}},"97":{"start":{"line":373,"column":6},"end":{"line":427,"column":7}},"98":{"start":{"line":374,"column":8},"end":{"line":426,"column":9}},"99":{"start":{"line":380,"column":12},"end":{"line":380,"column":53}},"100":{"start":{"line":382,"column":10},"end":{"line":384,"column":11}},"101":{"start":{"line":383,"column":12},"end":{"line":383,"column":21}},"102":{"start":{"line":386,"column":10},"end":{"line":397,"column":11}},"103":{"start":{"line":396,"column":12},"end":{"line":396,"column":21}},"104":{"start":{"line":399,"column":27},"end":{"line":403,"column":11}},"105":{"start":{"line":405,"column":10},"end":{"line":407,"column":11}},"106":{"start":{"line":406,"column":12},"end":{"line":406,"column":21}},"107":{"start":{"line":409,"column":10},"end":{"line":413,"column":13}},"108":{"start":{"line":415,"column":10},"end":{"line":421,"column":13}},"109":{"start":{"line":423,"column":10},"end":{"line":425,"column":12}},"110":{"start":{"line":429,"column":28},"end":{"line":429,"column":55}},"111":{"start":{"line":430,"column":6},"end":{"line":489,"column":7}},"112":{"start":{"line":431,"column":8},"end":{"line":431,"column":62}},"113":{"start":{"line":432,"column":8},"end":{"line":436,"column":9}},"114":{"start":{"line":433,"column":10},"end":{"line":435,"column":13}},"115":{"start":{"line":437,"column":13},"end":{"line":489,"column":7}},"116":{"start":{"line":438,"column":8},"end":{"line":444,"column":10}},"117":{"start":{"line":446,"column":27},"end":{"line":450,"column":9}},"118":{"start":{"line":452,"column":24},"end":{"line":452,"column":59}},"119":{"start":{"line":454,"column":8},"end":{"line":457,"column":9}},"120":{"start":{"line":455,"column":10},"end":{"line":455,"column":38}},"121":{"start":{"line":456,"column":10},"end":{"line":456,"column":31}},"122":{"start":{"line":459,"column":8},"end":{"line":488,"column":9}},"123":{"start":{"line":460,"column":29},"end":{"line":460,"column":51}},"124":{"start":{"line":461,"column":10},"end":{"line":472,"column":13}},"125":{"start":{"line":474,"column":10},"end":{"line":478,"column":12}},"126":{"start":{"line":498,"column":2},"end":{"line":550,"column":3}},"127":{"start":{"line":499,"column":27},"end":{"line":499,"column":53}},"128":{"start":{"line":500,"column":28},"end":{"line":502,"column":5}},"129":{"start":{"line":501,"column":59},"end":{"line":501,"column":67}},"130":{"start":{"line":503,"column":23},"end":{"line":507,"column":5}},"131":{"start":{"line":508,"column":4},"end":{"line":508,"column":32}},"132":{"start":{"line":509,"column":4},"end":{"line":509,"column":57}},"133":{"start":{"line":511,"column":4},"end":{"line":519,"column":7}},"134":{"start":{"line":512,"column":21},"end":{"line":512,"column":48}},"135":{"start":{"line":513,"column":6},"end":{"line":515,"column":7}},"136":{"start":{"line":514,"column":8},"end":{"line":514,"column":70}},"137":{"start":{"line":516,"column":6},"end":{"line":516,"column":49}},"138":{"start":{"line":517,"column":6},"end":{"line":517,"column":46}},"139":{"start":{"line":518,"column":6},"end":{"line":518,"column":36}},"140":{"start":{"line":521,"column":4},"end":{"line":532,"column":7}},"141":{"start":{"line":525,"column":6},"end":{"line":531,"column":9}},"142":{"start":{"line":526,"column":8},"end":{"line":530,"column":10}},"143":{"start":{"line":534,"column":4},"end":{"line":541,"column":7}},"144":{"start":{"line":543,"column":4},"end":{"line":549,"column":6}},"145":{"start":{"line":556,"column":2},"end":{"line":615,"column":3}},"146":{"start":{"line":557,"column":4},"end":{"line":557,"column":71}},"147":{"start":{"line":558,"column":4},"end":{"line":558,"column":69}},"148":{"start":{"line":560,"column":4},"end":{"line":560,"column":48}},"149":{"start":{"line":562,"column":4},"end":{"line":568,"column":5}},"150":{"start":{"line":563,"column":6},"end":{"line":567,"column":8}},"151":{"start":{"line":571,"column":4},"end":{"line":575,"column":5}},"152":{"start":{"line":572,"column":6},"end":{"line":574,"column":7}},"153":{"start":{"line":573,"column":8},"end":{"line":573,"column":79}},"154":{"start":{"line":577,"column":4},"end":{"line":577,"column":54}},"155":{"start":{"line":580,"column":4},"end":{"line":602,"column":6}},"156":{"start":{"line":583,"column":10},"end":{"line":583,"column":45}},"157":{"start":{"line":585,"column":10},"end":{"line":597,"column":11}},"158":{"start":{"line":590,"column":34},"end":{"line":593,"column":13}},"159":{"start":{"line":595,"column":14},"end":{"line":595,"column":71}},"160":{"start":{"line":596,"column":12},"end":{"line":596,"column":59}},"161":{"start":{"line":599,"column":10},"end":{"line":599,"column":37}},"162":{"start":{"line":605,"column":4},"end":{"line":605,"column":71}},"163":{"start":{"line":606,"column":4},"end":{"line":606,"column":69}},"164":{"start":{"line":609,"column":4},"end":{"line":609,"column":45}},"165":{"start":{"line":610,"column":4},"end":{"line":614,"column":5}},"166":{"start":{"line":611,"column":6},"end":{"line":613,"column":7}},"167":{"start":{"line":612,"column":8},"end":{"line":612,"column":76}},"168":{"start":{"line":617,"column":2},"end":{"line":619,"column":3}},"169":{"start":{"line":618,"column":4},"end":{"line":618,"column":76}},"170":{"start":{"line":621,"column":21},"end":{"line":621,"column":49}},"171":{"start":{"line":623,"column":2},"end":{"line":684,"column":4}},"172":{"start":{"line":630,"column":10},"end":{"line":632,"column":61}},"173":{"start":{"line":634,"column":24},"end":{"line":649,"column":9}},"174":{"start":{"line":651,"column":8},"end":{"line":655,"column":9}},"175":{"start":{"line":652,"column":10},"end":{"line":654,"column":11}},"176":{"start":{"line":653,"column":12},"end":{"line":653,"column":114}},"177":{"start":{"line":657,"column":8},"end":{"line":659,"column":9}},"178":{"start":{"line":658,"column":10},"end":{"line":658,"column":96}},"179":{"start":{"line":661,"column":8},"end":{"line":663,"column":9}},"180":{"start":{"line":662,"column":10},"end":{"line":662,"column":67}},"181":{"start":{"line":665,"column":8},"end":{"line":665,"column":45}},"182":{"start":{"line":667,"column":8},"end":{"line":681,"column":9}},"183":{"start":{"line":668,"column":10},"end":{"line":680,"column":11}},"184":{"start":{"line":669,"column":12},"end":{"line":673,"column":14}},"185":{"start":{"line":675,"column":12},"end":{"line":679,"column":14}},"186":{"start":{"line":686,"column":2},"end":{"line":779,"column":3}},"187":{"start":{"line":688,"column":4},"end":{"line":688,"column":18}},"188":{"start":{"line":691,"column":4},"end":{"line":691,"column":71}},"189":{"start":{"line":692,"column":4},"end":{"line":692,"column":69}},"190":{"start":{"line":695,"column":4},"end":{"line":695,"column":18}},"191":{"start":{"line":697,"column":4},"end":{"line":699,"column":7}},"192":{"start":{"line":701,"column":20},"end":{"line":705,"column":5}},"193":{"start":{"line":703,"column":29},"end":{"line":703,"column":35}},"194":{"start":{"line":704,"column":28},"end":{"line":704,"column":43}},"195":{"start":{"line":707,"column":32},"end":{"line":709,"column":17}},"196":{"start":{"line":708,"column":20},"end":{"line":708,"column":30}},"197":{"start":{"line":710,"column":20},"end":{"line":720,"column":42}},"198":{"start":{"line":722,"column":4},"end":{"line":722,"column":50}},"199":{"start":{"line":724,"column":4},"end":{"line":727,"column":5}},"200":{"start":{"line":725,"column":6},"end":{"line":725,"column":36}},"201":{"start":{"line":725,"column":27},"end":{"line":725,"column":36}},"202":{"start":{"line":726,"column":6},"end":{"line":726,"column":44}},"203":{"start":{"line":729,"column":4},"end":{"line":735,"column":5}},"204":{"start":{"line":732,"column":6},"end":{"line":732,"column":48}},"205":{"start":{"line":734,"column":6},"end":{"line":734,"column":22}},"206":{"start":{"line":737,"column":4},"end":{"line":741,"column":6}},"207":{"start":{"line":744,"column":4},"end":{"line":750,"column":5}},"208":{"start":{"line":745,"column":6},"end":{"line":749,"column":8}},"209":{"start":{"line":754,"column":4},"end":{"line":778,"column":5}},"210":{"start":{"line":755,"column":6},"end":{"line":755,"column":40}},"211":{"start":{"line":757,"column":6},"end":{"line":777,"column":8}},"212":{"start":{"line":759,"column":10},"end":{"line":759,"column":48}},"213":{"start":{"line":759,"column":31},"end":{"line":759,"column":48}},"214":{"start":{"line":760,"column":28},"end":{"line":760,"column":53}},"215":{"start":{"line":761,"column":10},"end":{"line":768,"column":11}},"216":{"start":{"line":762,"column":12},"end":{"line":766,"column":14}},"217":{"start":{"line":767,"column":12},"end":{"line":767,"column":29}},"218":{"start":{"line":769,"column":10},"end":{"line":775,"column":12}},"219":{"start":{"line":781,"column":2},"end":{"line":785,"column":3}},"220":{"start":{"line":784,"column":4},"end":{"line":784,"column":20}},"221":{"start":{"line":788,"column":47},"end":{"line":802,"column":1}},"222":{"start":{"line":887,"column":23},"end":{"line":887,"column":52}}},"fnMap":{"0":{"name":"(anonymous_0)","decl":{"start":{"line":103,"column":36},"end":{"line":103,"column":37}},"loc":{"start":{"line":106,"column":20},"end":{"line":786,"column":1}},"line":106},"1":{"name":"(anonymous_1)","decl":{"start":{"line":177,"column":23},"end":{"line":177,"column":24}},"loc":{"start":{"line":178,"column":4},"end":{"line":182,"column":16}},"line":178},"2":{"name":"(anonymous_2)","decl":{"start":{"line":234,"column":29},"end":{"line":234,"column":30}},"loc":{"start":{"line":234,"column":77},"end":{"line":252,"column":7}},"line":234},"3":{"name":"(anonymous_3)","decl":{"start":{"line":266,"column":33},"end":{"line":266,"column":34}},"loc":{"start":{"line":266,"column":58},"end":{"line":282,"column":11}},"line":266},"4":{"name":"(anonymous_4)","decl":{"start":{"line":501,"column":41},"end":{"line":501,"column":42}},"loc":{"start":{"line":501,"column":59},"end":{"line":501,"column":67}},"line":501},"5":{"name":"(anonymous_5)","decl":{"start":{"line":511,"column":44},"end":{"line":511,"column":45}},"loc":{"start":{"line":511,"column":78},"end":{"line":519,"column":5}},"line":511},"6":{"name":"(anonymous_6)","decl":{"start":{"line":524,"column":14},"end":{"line":524,"column":15}},"loc":{"start":{"line":524,"column":55},"end":{"line":532,"column":5}},"line":524},"7":{"name":"(anonymous_7)","decl":{"start":{"line":525,"column":33},"end":{"line":525,"column":34}},"loc":{"start":{"line":525,"column":55},"end":{"line":531,"column":7}},"line":525},"8":{"name":"(anonymous_8)","decl":{"start":{"line":582,"column":8},"end":{"line":582,"column":9}},"loc":{"start":{"line":582,"column":61},"end":{"line":600,"column":9}},"line":582},"9":{"name":"(anonymous_9)","decl":{"start":{"line":625,"column":6},"end":{"line":625,"column":7}},"loc":{"start":{"line":628,"column":12},"end":{"line":682,"column":7}},"line":628},"10":{"name":"(anonymous_10)","decl":{"start":{"line":703,"column":13},"end":{"line":703,"column":14}},"loc":{"start":{"line":703,"column":29},"end":{"line":703,"column":35}},"line":703},"11":{"name":"(anonymous_11)","decl":{"start":{"line":704,"column":16},"end":{"line":704,"column":17}},"loc":{"start":{"line":704,"column":28},"end":{"line":704,"column":43}},"line":704},"12":{"name":"(anonymous_12)","decl":{"start":{"line":708,"column":11},"end":{"line":708,"column":12}},"loc":{"start":{"line":708,"column":20},"end":{"line":708,"column":30}},"line":708},"13":{"name":"(anonymous_13)","decl":{"start":{"line":758,"column":44},"end":{"line":758,"column":45}},"loc":{"start":{"line":758,"column":73},"end":{"line":776,"column":9}},"line":758},"14":{"name":"(anonymous_14)","decl":{"start":{"line":887,"column":10},"end":{"line":887,"column":11}},"loc":{"start":{"line":887,"column":23},"end":{"line":887,"column":52}},"line":887}},"branchMap":{"0":{"loc":{"start":{"line":105,"column":2},"end":{"line":105,"column":62}},"type":"default-arg","locations":[{"start":{"line":105,"column":60},"end":{"line":105,"column":62}}],"line":105},"1":{"loc":{"start":{"line":105,"column":4},"end":{"line":105,"column":55}},"type":"default-arg","locations":[{"start":{"line":105,"column":25},"end":{"line":105,"column":55}}],"line":105},"2":{"loc":{"start":{"line":108,"column":2},"end":{"line":110,"column":3}},"type":"if","locations":[{"start":{"line":108,"column":2},"end":{"line":110,"column":3}},{"start":{},"end":{}}],"line":108},"3":{"loc":{"start":{"line":119,"column":31},"end":{"line":121,"column":36}},"type":"cond-expr","locations":[{"start":{"line":120,"column":6},"end":{"line":120,"column":34}},{"start":{"line":121,"column":6},"end":{"line":121,"column":36}}],"line":119},"4":{"loc":{"start":{"line":123,"column":2},"end":{"line":125,"column":3}},"type":"if","locations":[{"start":{"line":123,"column":2},"end":{"line":125,"column":3}},{"start":{},"end":{}}],"line":123},"5":{"loc":{"start":{"line":129,"column":2},"end":{"line":136,"column":3}},"type":"if","locations":[{"start":{"line":129,"column":2},"end":{"line":136,"column":3}},{"start":{},"end":{}}],"line":129},"6":{"loc":{"start":{"line":131,"column":4},"end":{"line":135,"column":5}},"type":"if","locations":[{"start":{"line":131,"column":4},"end":{"line":135,"column":5}},{"start":{},"end":{}}],"line":131},"7":{"loc":{"start":{"line":142,"column":39},"end":{"line":142,"column":79}},"type":"binary-expr","locations":[{"start":{"line":142,"column":39},"end":{"line":142,"column":49}},{"start":{"line":142,"column":53},"end":{"line":142,"column":79}}],"line":142},"8":{"loc":{"start":{"line":144,"column":4},"end":{"line":146,"column":29}},"type":"cond-expr","locations":[{"start":{"line":145,"column":8},"end":{"line":145,"column":49}},{"start":{"line":146,"column":8},"end":{"line":146,"column":29}}],"line":144},"9":{"loc":{"start":{"line":144,"column":4},"end":{"line":144,"column":67}},"type":"binary-expr","locations":[{"start":{"line":144,"column":4},"end":{"line":144,"column":43}},{"start":{"line":144,"column":47},"end":{"line":144,"column":67}}],"line":144},"10":{"loc":{"start":{"line":144,"column":6},"end":{"line":144,"column":42}},"type":"binary-expr","locations":[{"start":{"line":144,"column":6},"end":{"line":144,"column":16}},{"start":{"line":144,"column":20},"end":{"line":144,"column":42}}],"line":144},"11":{"loc":{"start":{"line":148,"column":2},"end":{"line":150,"column":3}},"type":"if","locations":[{"start":{"line":148,"column":2},"end":{"line":150,"column":3}},{"start":{},"end":{}}],"line":148},"12":{"loc":{"start":{"line":151,"column":2},"end":{"line":153,"column":3}},"type":"if","locations":[{"start":{"line":151,"column":2},"end":{"line":153,"column":3}},{"start":{},"end":{}}],"line":151},"13":{"loc":{"start":{"line":157,"column":40},"end":{"line":162,"column":8}},"type":"cond-expr","locations":[{"start":{"line":158,"column":6},"end":{"line":158,"column":10}},{"start":{"line":159,"column":6},"end":{"line":162,"column":8}}],"line":157},"14":{"loc":{"start":{"line":172,"column":4},"end":{"line":172,"column":60}},"type":"cond-expr","locations":[{"start":{"line":172,"column":28},"end":{"line":172,"column":48}},{"start":{"line":172,"column":51},"end":{"line":172,"column":60}}],"line":172},"15":{"loc":{"start":{"line":173,"column":4},"end":{"line":173,"column":73}},"type":"cond-expr","locations":[{"start":{"line":173,"column":28},"end":{"line":173,"column":61}},{"start":{"line":173,"column":64},"end":{"line":173,"column":73}}],"line":173},"16":{"loc":{"start":{"line":179,"column":6},"end":{"line":181,"column":34}},"type":"cond-expr","locations":[{"start":{"line":180,"column":10},"end":{"line":180,"column":43}},{"start":{"line":181,"column":10},"end":{"line":181,"column":34}}],"line":179},"17":{"loc":{"start":{"line":179,"column":6},"end":{"line":179,"column":47}},"type":"binary-expr","locations":[{"start":{"line":179,"column":6},"end":{"line":179,"column":16}},{"start":{"line":179,"column":20},"end":{"line":179,"column":47}}],"line":179},"18":{"loc":{"start":{"line":185,"column":26},"end":{"line":185,"column":76}},"type":"cond-expr","locations":[{"start":{"line":185,"column":39},"end":{"line":185,"column":69}},{"start":{"line":185,"column":72},"end":{"line":185,"column":76}}],"line":185},"19":{"loc":{"start":{"line":189,"column":4},"end":{"line":191,"column":36}},"type":"cond-expr","locations":[{"start":{"line":190,"column":8},"end":{"line":190,"column":45}},{"start":{"line":191,"column":8},"end":{"line":191,"column":36}}],"line":189},"20":{"loc":{"start":{"line":200,"column":4},"end":{"line":200,"column":71}},"type":"if","locations":[{"start":{"line":200,"column":4},"end":{"line":200,"column":71}},{"start":{},"end":{}}],"line":200},"21":{"loc":{"start":{"line":200,"column":8},"end":{"line":200,"column":60}},"type":"binary-expr","locations":[{"start":{"line":200,"column":8},"end":{"line":200,"column":14}},{"start":{"line":200,"column":18},"end":{"line":200,"column":28}},{"start":{"line":200,"column":32},"end":{"line":200,"column":60}}],"line":200},"22":{"loc":{"start":{"line":204,"column":4},"end":{"line":216,"column":5}},"type":"if","locations":[{"start":{"line":204,"column":4},"end":{"line":216,"column":5}},{"start":{},"end":{}}],"line":204},"23":{"loc":{"start":{"line":204,"column":8},"end":{"line":204,"column":39}},"type":"binary-expr","locations":[{"start":{"line":204,"column":8},"end":{"line":204,"column":16}},{"start":{"line":204,"column":20},"end":{"line":204,"column":39}}],"line":204},"24":{"loc":{"start":{"line":205,"column":6},"end":{"line":212,"column":7}},"type":"if","locations":[{"start":{"line":205,"column":6},"end":{"line":212,"column":7}},{"start":{},"end":{}}],"line":205},"25":{"loc":{"start":{"line":206,"column":8},"end":{"line":207,"column":54}},"type":"binary-expr","locations":[{"start":{"line":206,"column":9},"end":{"line":206,"column":15}},{"start":{"line":206,"column":19},"end":{"line":206,"column":47}},{"start":{"line":207,"column":9},"end":{"line":207,"column":20}},{"start":{"line":207,"column":24},"end":{"line":207,"column":53}}],"line":206},"26":{"loc":{"start":{"line":226,"column":2},"end":{"line":230,"column":3}},"type":"if","locations":[{"start":{"line":226,"column":2},"end":{"line":230,"column":3}},{"start":{},"end":{}}],"line":226},"27":{"loc":{"start":{"line":236,"column":10},"end":{"line":238,"column":23}},"type":"cond-expr","locations":[{"start":{"line":237,"column":14},"end":{"line":237,"column":27}},{"start":{"line":238,"column":14},"end":{"line":238,"column":23}}],"line":236},"28":{"loc":{"start":{"line":236,"column":10},"end":{"line":236,"column":52}},"type":"binary-expr","locations":[{"start":{"line":236,"column":10},"end":{"line":236,"column":20}},{"start":{"line":236,"column":24},"end":{"line":236,"column":52}}],"line":236},"29":{"loc":{"start":{"line":240,"column":41},"end":{"line":242,"column":36}},"type":"cond-expr","locations":[{"start":{"line":241,"column":12},"end":{"line":241,"column":31}},{"start":{"line":242,"column":12},"end":{"line":242,"column":36}}],"line":240},"30":{"loc":{"start":{"line":244,"column":35},"end":{"line":249,"column":14}},"type":"cond-expr","locations":[{"start":{"line":245,"column":12},"end":{"line":245,"column":41}},{"start":{"line":246,"column":12},"end":{"line":249,"column":14}}],"line":244},"31":{"loc":{"start":{"line":244,"column":35},"end":{"line":244,"column":74}},"type":"binary-expr","locations":[{"start":{"line":244,"column":35},"end":{"line":244,"column":41}},{"start":{"line":244,"column":45},"end":{"line":244,"column":74}}],"line":244},"32":{"loc":{"start":{"line":251,"column":27},"end":{"line":251,"column":51}},"type":"binary-expr","locations":[{"start":{"line":251,"column":27},"end":{"line":251,"column":38}},{"start":{"line":251,"column":42},"end":{"line":251,"column":51}}],"line":251},"33":{"loc":{"start":{"line":256,"column":2},"end":{"line":260,"column":3}},"type":"if","locations":[{"start":{"line":256,"column":2},"end":{"line":260,"column":3}},{"start":{},"end":{}}],"line":256},"34":{"loc":{"start":{"line":262,"column":29},"end":{"line":284,"column":7}},"type":"cond-expr","locations":[{"start":{"line":263,"column":6},"end":{"line":263,"column":15}},{"start":{"line":264,"column":6},"end":{"line":284,"column":7}}],"line":262},"35":{"loc":{"start":{"line":292,"column":4},"end":{"line":313,"column":5}},"type":"if","locations":[{"start":{"line":292,"column":4},"end":{"line":313,"column":5}},{"start":{"line":295,"column":11},"end":{"line":313,"column":5}}],"line":292},"36":{"loc":{"start":{"line":299,"column":6},"end":{"line":302,"column":7}},"type":"if","locations":[{"start":{"line":299,"column":6},"end":{"line":302,"column":7}},{"start":{},"end":{}}],"line":299},"37":{"loc":{"start":{"line":299,"column":10},"end":{"line":299,"column":42}},"type":"binary-expr","locations":[{"start":{"line":299,"column":10},"end":{"line":299,"column":18}},{"start":{"line":299,"column":22},"end":{"line":299,"column":42}}],"line":299},"38":{"loc":{"start":{"line":310,"column":6},"end":{"line":312,"column":7}},"type":"if","locations":[{"start":{"line":310,"column":6},"end":{"line":312,"column":7}},{"start":{},"end":{}}],"line":310},"39":{"loc":{"start":{"line":315,"column":4},"end":{"line":332,"column":5}},"type":"if","locations":[{"start":{"line":315,"column":4},"end":{"line":332,"column":5}},{"start":{},"end":{}}],"line":315},"40":{"loc":{"start":{"line":316,"column":6},"end":{"line":318,"column":7}},"type":"if","locations":[{"start":{"line":316,"column":6},"end":{"line":318,"column":7}},{"start":{},"end":{}}],"line":316},"41":{"loc":{"start":{"line":316,"column":10},"end":{"line":316,"column":43}},"type":"binary-expr","locations":[{"start":{"line":316,"column":10},"end":{"line":316,"column":20}},{"start":{"line":316,"column":24},"end":{"line":316,"column":43}}],"line":316},"42":{"loc":{"start":{"line":322,"column":6},"end":{"line":326,"column":7}},"type":"if","locations":[{"start":{"line":322,"column":6},"end":{"line":326,"column":7}},{"start":{},"end":{}}],"line":322},"43":{"loc":{"start":{"line":335,"column":2},"end":{"line":338,"column":3}},"type":"if","locations":[{"start":{"line":335,"column":2},"end":{"line":338,"column":3}},{"start":{},"end":{}}],"line":335},"44":{"loc":{"start":{"line":347,"column":18},"end":{"line":349,"column":23}},"type":"cond-expr","locations":[{"start":{"line":348,"column":6},"end":{"line":348,"column":60}},{"start":{"line":349,"column":6},"end":{"line":349,"column":23}}],"line":347},"45":{"loc":{"start":{"line":355,"column":6},"end":{"line":359,"column":7}},"type":"if","locations":[{"start":{"line":355,"column":6},"end":{"line":359,"column":7}},{"start":{},"end":{}}],"line":355},"46":{"loc":{"start":{"line":355,"column":10},"end":{"line":355,"column":51}},"type":"binary-expr","locations":[{"start":{"line":355,"column":10},"end":{"line":355,"column":25}},{"start":{"line":355,"column":29},"end":{"line":355,"column":51}}],"line":355},"47":{"loc":{"start":{"line":366,"column":6},"end":{"line":369,"column":7}},"type":"if","locations":[{"start":{"line":366,"column":6},"end":{"line":369,"column":7}},{"start":{},"end":{}}],"line":366},"48":{"loc":{"start":{"line":368,"column":25},"end":{"line":368,"column":68}},"type":"binary-expr","locations":[{"start":{"line":368,"column":25},"end":{"line":368,"column":52}},{"start":{"line":368,"column":56},"end":{"line":368,"column":68}}],"line":368},"49":{"loc":{"start":{"line":373,"column":6},"end":{"line":427,"column":7}},"type":"if","locations":[{"start":{"line":373,"column":6},"end":{"line":427,"column":7}},{"start":{},"end":{}}],"line":373},"50":{"loc":{"start":{"line":382,"column":10},"end":{"line":384,"column":11}},"type":"if","locations":[{"start":{"line":382,"column":10},"end":{"line":384,"column":11}},{"start":{},"end":{}}],"line":382},"51":{"loc":{"start":{"line":386,"column":10},"end":{"line":397,"column":11}},"type":"if","locations":[{"start":{"line":386,"column":10},"end":{"line":397,"column":11}},{"start":{},"end":{}}],"line":386},"52":{"loc":{"start":{"line":
[...]
end":{"line":72,"column":3}},"7":{"start":{"line":49,"column":6},"end":{"line":49,"column":70}},"8":{"start":{"line":52,"column":31},"end":{"line":61,"column":42}},"9":{"start":{"line":54,"column":22},"end":{"line":54,"column":58}},"10":{"start":{"line":55,"column":12},"end":{"line":55,"column":52}},"11":{"start":{"line":55,"column":36},"end":{"line":55,"column":52}},"12":{"start":{"line":56,"column":60},"end":{"line":58,"column":28}},"13":{"start":{"line":59,"column":12},"end":{"line":59,"column":65}},"14":{"start":{"line":63,"column":6},"end":{"line":67,"column":8}},"15":{"start":{"line":70,"column":6},"end":{"line":70,"column":51}}},"fnMap":{"0":{"name":"(anonymous_0)","decl":{"start":{"line":18,"column":11},"end":{"line":18,"column":12}},"loc":{"start":{"line":18,"column":22},"end":{"line":24,"column":5}},"line":18},"1":{"name":"(anonymous_1)","decl":{"start":{"line":25,"column":15},"end":{"line":25,"column":16}},"loc":{"start":{"line":25,"column":31},"end":{"line":29,"column":5}},"line":25},"2":{"name":"(anonymous_2)","decl":{"start":{"line":48,"column":10},"end":{"line":48,"column":11}},"loc":{"start":{"line":48,"column":36},"end":{"line":50,"column":5}},"line":48},"3":{"name":"(anonymous_3)","decl":{"start":{"line":51,"column":11},"end":{"line":51,"column":12}},"loc":{"start":{"line":51,"column":47},"end":{"line":68,"column":5}},"line":51},"4":{"name":"(anonymous_4)","decl":{"start":{"line":53,"column":11},"end":{"line":53,"column":12}},"loc":{"start":{"line":53,"column":17},"end":{"line":60,"column":11}},"line":53},"5":{"name":"(anonymous_5)","decl":{"start":{"line":69,"column":15},"end":{"line":69,"column":16}},"loc":{"start":{"line":69,"column":31},"end":{"line":71,"column":5}},"line":69}},"branchMap":{"0":{"loc":{"start":{"line":19,"column":6},"end":{"line":22,"column":7}},"type":"if","locations":[{"start":{"line":19,"column":6},"end":{"line":22,"column":7}},{"start":{},"end":{}}],"line":19},"1":{"loc":{"start":{"line":26,"column":13},"end":{"line":28,"column":51}},"type":"cond-expr","locations":[{"start":{"line":27,"column":10},"end":{"line":27,"column":25}},{"start":{"line":28,"column":10},"end":{"line":28,"column":51}}],"line":26},"2":{"loc":{"start":{"line":52,"column":31},"end":{"line":61,"column":42}},"type":"cond-expr","locations":[{"start":{"line":53,"column":10},"end":{"line":60,"column":14}},{"start":{"line":61,"column":10},"end":{"line":61,"column":42}}],"line":52},"3":{"loc":{"start":{"line":55,"column":12},"end":{"line":55,"column":52}},"type":"if","locations":[{"start":{"line":55,"column":12},"end":{"line":55,"column":52}},{"start":{},"end":{}}],"line":55}},"s":{"0":2,"1":2,"2":1,"3":1,"4":1,"5":0,"6":2,"7":0,"8":2,"9":1,"10":1,"11":0,"12":1,"13":1,"14":2,"15":0},"f":{"0":2,"1":0,"2":0,"3":2,"4":1,"5":0},"b":{"0":[1,1],"1":[0,0],"2":[1,1],"3":[0,1]},"_coverageSchema":"1a1c01bbd47fc00a2c39e90264f33305004495a9","hash":"64113705f67a6f564d4bae5ef405c26144203f20"}
,"/home/runner/work/pob/pob/packages/yarn-version/src/utils/packageUtils.ts": {"path":"/home/runner/work/pob/pob/packages/yarn-version/src/utils/packageUtils.ts","statementMap":{"0":{"start":{"line":19,"column":38},"end":{"line":41,"column":1}},"1":{"start":{"line":22,"column":35},"end":{"line":24,"column":15}},"2":{"start":{"line":26,"column":19},"end":{"line":39,"column":3}},"3":{"start":{"line":30,"column":10},"end":{"line":36,"column":20}},"4":{"start":{"line":40,"column":2},"end":{"line":40,"column":28}},"5":{"start":{"line":43,"column":21},"end":{"line":47,"column":3}},"6":{"start":{"line":44,"column":2},"end":{"line":47,"column":3}},"7":{"start":{"line":45,"column":10},"end":{"line":45,"column":14}},"8":{"start":{"line":46,"column":10},"end":{"line":46,"column":15}},"9":{"start":{"line":49,"column":33},"end":{"line":64,"column":1}},"10":{"start":{"line":52,"column":20},"end":{"line":52,"column":23}},"11":{"start":{"line":53,"column":2},"end":{"line":62,"column":47}},"12":{"start":{"line":54,"column":42},"end":{"line":57,"column":6}},"13":{"start":{"line":58,"column":4},"end":{"line":60,"column":5}},"14":{"start":{"line":59,"column":6},"end":{"line":59,"column":42}},"15":{"start":{"line":61,"column":4},"end":{"line":61,"column":44}},"16":{"start":{"line":63,"column":2},"end":{"line":63,"column":14}},"17":{"start":{"line":66,"column":27},"end":{"line":67,"column":32}},"18":{"start":{"line":67,"column":2},"end":{"line":67,"column":32}},"19":{"start":{"line":69,"column":31},"end":{"line":72,"column":1}},"20":{"start":{"line":70,"column":14},"end":{"line":70,"column":33}},"21":{"start":{"line":71,"column":2},"end":{"line":71,"column":28}},"22":{"start":{"line":78,"column":17},"end":{"line":78,"column":64}},"23":{"start":{"line":79,"column":2},"end":{"line":79,"column":72}},"24":{"start":{"line":83,"column":22},"end":{"line":83,"column":45}},"25":{"start":{"line":85,"column":14},"end":{"line":89,"column":4}},"26":{"start":{"line":86,"column":4},"end":{"line":88,"column":6}},"27":{"start":{"line":90,"column":2},"end":{"line":96,"column":3}},"28":{"start":{"line":91,"column":4},"end":{"line":91,"column":27}},"29":{"start":{"line":93,"column":4},"end":{"line":95,"column":6}}},"fnMap":{"0":{"name":"(anonymous_0)","decl":{"start":{"line":19,"column":38},"end":{"line":19,"column":39}},"loc":{"start":{"line":21,"column":32},"end":{"line":41,"column":1}},"line":21},"1":{"name":"(anonymous_1)","decl":{"start":{"line":29,"column":8},"end":{"line":29,"column":9}},"loc":{"start":{"line":30,"column":10},"end":{"line":36,"column":20}},"line":30},"2":{"name":"(anonymous_2)","decl":{"start":{"line":43,"column":21},"end":{"line":43,"column":22}},"loc":{"start":{"line":44,"column":2},"end":{"line":47,"column":3}},"line":44},"3":{"name":"(anonymous_3)","decl":{"start":{"line":45,"column":4},"end":{"line":45,"column":5}},"loc":{"start":{"line":45,"column":10},"end":{"line":45,"column":14}},"line":45},"4":{"name":"(anonymous_4)","decl":{"start":{"line":46,"column":4},"end":{"line":46,"column":5}},"loc":{"start":{"line":46,"column":10},"end":{"line":46,"column":15}},"line":46},"5":{"name":"(anonymous_5)","decl":{"start":{"line":49,"column":33},"end":{"line":49,"column":34}},"loc":{"start":{"line":51,"column":32},"end":{"line":64,"column":1}},"line":51},"6":{"name":"(anonymous_6)","decl":{"start":{"line":66,"column":27},"end":{"line":66,"column":28}},"loc":{"start":{"line":67,"column":2},"end":{"line":67,"column":32}},"line":67},"7":{"name":"(anonymous_7)","decl":{"start":{"line":69,"column":31},"end":{"line":69,"column":32}},"loc":{"start":{"line":69,"column":75},"end":{"line":72,"column":1}},"line":69},"8":{"name":"writePkg","decl":{"start":{"line":74,"column":22},"end":{"line":74,"column":30}},"loc":{"start":{"line":77,"column":17},"end":{"line":80,"column":1}},"line":77},"9":{"name":"readPkg","decl":{"start":{"line":82,"column":22},"end":{"line":82,"column":29}},"loc":{"start":{"line":82,"column":65},"end":{"line":97,"column":1}},"line":82},"10":{"name":"(anonymous_10)","decl":{"start":{"line":85,"column":59},"end":{"line":85,"column":60}},"loc":{"start":{"line":85,"column":77},"end":{"line":89,"column":3}},"line":85}},"branchMap":{"0":{"loc":{"start":{"line":22,"column":35},"end":{"line":24,"column":15}},"type":"cond-expr","locations":[{"start":{"line":23,"column":6},"end":{"line":23,"column":59}},{"start":{"line":24,"column":6},"end":{"line":24,"column":15}}],"line":22},"1":{"loc":{"start":{"line":58,"column":4},"end":{"line":60,"column":5}},"type":"if","locations":[{"start":{"line":58,"column":4},"end":{"line":60,"column":5}},{"start":{},"end":{}}],"line":58},"2":{"loc":{"start":{"line":62,"column":11},"end":{"line":62,"column":45}},"type":"binary-expr","locations":[{"start":{"line":62,"column":11},"end":{"line":62,"column":22}},{"start":{"line":62,"column":26},"end":{"line":62,"column":45}}],"line":62},"3":{"loc":{"start":{"line":76,"column":2},"end":{"line":76,"column":29}},"type":"default-arg","locations":[{"start":{"line":76,"column":20},"end":{"line":76,"column":29}}],"line":76},"4":{"loc":{"start":{"line":87,"column":50},"end":{"line":87,"column":104}},"type":"cond-expr","locations":[{"start":{"line":87,"column":75},"end":{"line":87,"column":88}},{"start":{"line":87,"column":91},"end":{"line":87,"column":104}}],"line":87},"5":{"loc":{"start":{"line":94,"column":51},"end":{"line":94,"column":105}},"type":"cond-expr","locations":[{"start":{"line":94,"column":76},"end":{"line":94,"column":89}},{"start":{"line":94,"column":92},"end":{"line":94,"column":105}}],"line":94}},"s":{"0":1,"1":3,"2":3,"3":0,"4":3,"5":1,"6":0,"7":0,"8":0,"9":1,"10":0,"11":0,"12":0,"13":0,"14":0,"15":0,"16":0,"17":1,"18":3,"19":1,"20":3,"21":3,"22":0,"23":0,"24":3,"25":3,"26":0,"27":3,"28":3,"29":0},"f":{"0":3,"1":0,"2":0,"3":0,"4":0,"5":0,"6":3,"7":3,"8":0,"9":3,"10":0},"b":{"0":[0,3],"1":[0,0],"2":[0,0],"3":[0],"4":[0,0],"5":[0,0]},"_coverageSchema":"1a1c01bbd47fc00a2c39e90264f33305004495a9","hash":"9b71bc09d93ff32be7ec30c6235c941645a23da5"}
,"/home/runner/work/pob/pob/packages/yarn-version/src/utils/updateChangelog.ts": {"path":"/home/runner/work/pob/pob/packages/yarn-version/src/utils/updateChangelog.ts","statementMap":{"0":{"start":{"line":4,"column":2},"end":{"line":4,"column":86}},"1":{"start":{"line":6,"column":25},"end":{"line":12,"column":12}},"2":{"start":{"line":14,"column":35},"end":{"line":39,"column":1}},"3":{"start":{"line":19,"column":40},"end":{"line":22,"column":3}},"4":{"start":{"line":24,"column":19},"end":{"line":24,"column":21}},"5":{"start":{"line":26,"column":2},"end":{"line":33,"column":12}},"6":{"start":{"line":27,"column":4},"end":{"line":27,"column":49}},"7":{"start":{"line":28,"column":28},"end":{"line":28,"column":76}},"8":{"start":{"line":30,"column":4},"end":{"line":32,"column":5}},"9":{"start":{"line":31,"column":6},"end":{"line":31,"column":66}},"10":{"start":{"line":35,"column":2},"end":{"line":38,"column":4}}},"fnMap":{"0":{"name":"(anonymous_0)","decl":{"start":{"line":14,"column":35},"end":{"line":14,"column":36}},"loc":{"start":{"line":18,"column":20},"end":{"line":39,"column":1}},"line":18}},"branchMap":{"0":{"loc":{"start":{"line":17,"column":2},"end":{"line":17,"column":23}},"type":"default-arg","locations":[{"start":{"line":17,"column":9},"end":{"line":17,"column":23}}],"line":17},"1":{"loc":{"start":{"line":30,"column":4},"end":{"line":32,"column":5}},"type":"if","locations":[{"start":{"line":30,"column":4},"end":{"line":32,"column":5}},{"start":{},"end":{}}],"line":30}},"s":{"0":1,"1":1,"2":1,"3":0,"4":0,"5":0,"6":0,"7":0,"8":0,"9":0,"10":0},"f":{"0":0},"b":{"0":[0],"1":[0,0]},"_coverageSchema":"1a1c01bbd47fc00a2c39e90264f33305004495a9","hash":"cb0ce3770866f4e3f1fa0d2e4892756385112e7c"}
,"/home/runner/work/pob/pob/packages/yarn-version/src/utils/workspaceUtils.ts": {"path":"/home/runner/work/pob/pob/packages/yarn-version/src/utils/workspaceUtils.ts","statementMap":{"0":{"start":{"line":11,"column":29},"end":{"line":15,"column":10}},"1":{"start":{"line":18,"column":32},"end":{"line":22,"column":1}},"2":{"start":{"line":19,"column":2},"end":{"line":21,"column":4}},"3":{"start":{"line":29,"column":35},"end":{"line":64,"column":1}},"4":{"start":{"line":32,"column":51},"end":{"line":35,"column":5}},"5":{"start":{"line":42,"column":2},"end":{"line":61,"column":3}},"6":{"start":{"line":43,"column":4},"end":{"line":60,"column":5}},"7":{"start":{"line":44,"column":6},"end":{"line":59,"column":7}},"8":{"start":{"line":47,"column":8},"end":{"line":47,"column":39}},"9":{"start":{"line":47,"column":30},"end":{"line":47,"column":39}},"10":{"start":{"line":48,"column":27},"end":{"line":51,"column":9}},"11":{"start":{"line":52,"column":26},"end":{"line":54,"column":9}},"12":{"start":{"line":55,"column":8},"end":{"line":55,"column":33}},"13":{"start":{"line":55,"column":24},"end":{"line":55,"column":33}},"14":{"start":{"line":57,"column":27},"end":{"line":57,"column":74}},"15":{"start":{"line":58,"column":8},"end":{"line":58,"column":54}},"16":{"start":{"line":63,"column":2},"end":{"line":63,"column":23}},"17":{"start":{"line":66,"column":37},"end":{"line":102,"column":1}},"18":{"start":{"line":69,"column":53},"end":{"line":72,"column":5}},"19":{"start":{"line":79,"column":2},"end":{"line":99,"column":3}},"20":{"start":{"line":80,"column":4},"end":{"line":98,"column":5}},"21":{"start":{"line":81,"column":6},"end":{"line":97,"column":7}},"22":{"start":{"line":84,"column":8},"end":{"line":84,"column":39}},"23":{"start":{"line":84,"column":30},"end":{"line":84,"column":39}},"24":{"start":{"line":85,"column":27},"end":{"line":88,"column":9}},"25":{"start":{"line":90,"column":26},"end":{"line":92,"column":9}},"26":{"start":{"line":93,"column":8},"end":{"line":93,"column":33}},"27":{"start":{"line":93,"column":24},"end":{"line":93,"column":33}},"28":{"start":{"line":95,"column":29},"end":{"line":95,"column":78}},"29":{"start":{"line":96,"column":8},"end":{"line":96,"column":56}},"30":{"start":{"line":101,"column":2},"end":{"line":101,"column":25}},"31":{"start":{"line":104,"column":44},"end":{"line":142,"column":1}},"32":{"start":{"line":108,"column":33},"end":{"line":108,"column":35}},"33":{"start":{"line":110,"column":16},"end":{"line":110,"column":36}},"34":{"start":{"line":111,"column":16},"end":{"line":114,"column":4}},"35":{"start":{"line":116,"column":2},"end":{"line":139,"column":3}},"36":{"start":{"line":117,"column":18},"end":{"line":117,"column":38}},"37":{"start":{"line":118,"column":4},"end":{"line":128,"column":5}},"38":{"start":{"line":120,"column":6},"end":{"line":122,"column":7}},"39":{"start":{"line":121,"column":8},"end":{"line":121,"column":17}},"40":{"start":{"line":124,"column":27},"end":{"line":124,"column":57}},"41":{"start":{"line":125,"column":6},"end":{"line":127,"column":7}},"42":{"start":{"line":125,"column":53},"end":{"line":125,"column":68}},"43":{"start":{"line":126,"column":8},"end":{"line":126,"column":29}},"44":{"start":{"line":130,"column":4},"end":{"line":133,"column":5}},"45":{"start":{"line":131,"column":6},"end":{"line":131,"column":27}},"46":{"start":{"line":132,"column":6},"end":{"line":132,"column":30}},"47":{"start":{"line":135,"column":4},"end":{"line":137,"column":5}},"48":{"start":{"line":136,"column":6},"end":{"line":136,"column":54}},"49":{"start":{"line":138,"column":4},"end":{"line":138,"column":29}},"50":{"start":{"line":141,"column":2},"end":{"line":141,"column":17}}},"fnMap":{"0":{"name":"(anonymous_0)","decl":{"start":{"line":18,"column":32},"end":{"line":18,"column":33}},"loc":{"start":{"line":18,"column":66},"end":{"line":22,"column":1}},"line":18},"1":{"name":"(anonymous_1)","decl":{"start":{"line":29,"column":35},"end":{"line":29,"column":36}},"loc":{"start":{"line":31,"column":32},"end":{"line":64,"column":1}},"line":31},"2":{"name":"(anonymous_2)","decl":{"start":{"line":66,"column":37},"end":{"line":66,"column":38}},"loc":{"start":{"line":68,"column":32},"end":{"line":102,"column":1}},"line":68},"3":{"name":"(anonymous_3)","decl":{"start":{"line":104,"column":44},"end":{"line":104,"column":45}},"loc":{"start":{"line":107,"column":20},"end":{"line":142,"column":1}},"line":107},"4":{"name":"(anonymous_4)","decl":{"start":{"line":125,"column":46},"end":{"line":125,"column":47}},"loc":{"start":{"line":125,"column":53},"end":{"line":125,"column":68}},"line":125}},"branchMap":{"0":{"loc":{"start":{"line":20,"column":4},"end":{"line":20,"column":79}},"type":"binary-expr","locations":[{"start":{"line":20,"column":4},"end":{"line":20,"column":22}},{"start":{"line":20,"column":27},"end":{"line":20,"column":55}},{"start":{"line":20,"column":59},"end":{"line":20,"column":78}}],"line":20},"1":{"loc":{"start":{"line":45,"column":8},"end":{"line":45,"column":32}},"type":"binary-expr","locations":[{"start":{"line":45,"column":8},"end":{"line":45,"column":26}},{"start":{"line":45,"column":30},"end":{"line":45,"column":32}}],"line":45},"2":{"loc":{"start":{"line":47,"column":8},"end":{"line":47,"column":39}},"type":"if","locations":[{"start":{"line":47,"column":8},"end":{"line":47,"column":39}},{"start":{},"end":{}}],"line":47},"3":{"loc":{"start":{"line":55,"column":8},"end":{"line":55,"column":33}},"type":"if","locations":[{"start":{"line":55,"column":8},"end":{"line":55,"column":33}},{"start":{},"end":{}}],"line":55},"4":{"loc":{"start":{"line":82,"column":8},"end":{"line":82,"column":32}},"type":"binary-expr","locations":[{"start":{"line":82,"column":8},"end":{"line":82,"column":26}},{"start":{"line":82,"column":30},"end":{"line":82,"column":32}}],"line":82},"5":{"loc":{"start":{"line":84,"column":8},"end":{"line":84,"column":39}},"type":"if","locations":[{"start":{"line":84,"column":8},"end":{"line":84,"column":39}},{"start":{},"end":{}}],"line":84},"6":{"loc":{"start":{"line":93,"column":8},"end":{"line":93,"column":33}},"type":"if","locations":[{"start":{"line":93,"column":8},"end":{"line":93,"column":33}},{"start":{},"end":{}}],"line":93},"7":{"loc":{"start":{"line":120,"column":6},"end":{"line":122,"column":7}},"type":"if","locations":[{"start":{"line":120,"column":6},"end":{"line":122,"column":7}},{"start":{},"end":{}}],"line":120},"8":{"loc":{"start":{"line":120,"column":10},"end":{"line":120,"column":54}},"type":"binary-expr","locations":[{"start":{"line":120,"column":10},"end":{"line":120,"column":36}},{"start":{"line":120,"column":40},"end":{"line":120,"column":54}}],"line":120},"9":{"loc":{"start":{"line":125,"column":6},"end":{"line":127,"column":7}},"type":"if","locations":[{"start":{"line":125,"column":6},"end":{"line":127,"column":7}},{"start":{},"end":{}}],"line":125},"10":{"loc":{"start":{"line":125,"column":10},"end":{"line":125,"column":69}},"type":"binary-expr","locations":[{"start":{"line":125,"column":10},"end":{"line":125,"column":23}},{"start":{"line":125,"column":27},"end":{"line":125,"column":69}}],"line":125},"11":{"loc":{"start":{"line":135,"column":4},"end":{"line":137,"column":5}},"type":"if","locations":[{"start":{"line":135,"column":4},"end":{"line":137,"column":5}},{"start":{},"end":{}}],"line":135}},"s":{"0":1,"1":1,"2":4,"3":1,"4":0,"5":0,"6":0,"7":0,"8":0,"9":0,"10":0,"11":0,"12":0,"13":0,"14":0,"15":0,"16":0,"17":1,"18":0,"19":0,"20":0,"21":0,"22":0,"23":0,"24":0,"25":0,"26":0,"27":0,"28":0,"29":0,"30":0,"31":1,"32":0,"33":0,"34":0,"35":0,"36":0,"37":0,"38":0,"39":0,"40":0,"41":0,"42":0,"43":0,"44":0,"45":0,"46":0,"47":0,"48":0,"49":0,"50":0},"f":{"0":4,"1":0,"2":0,"3":0,"4":0},"b":{"0":[4,0,0],"1":[0,0],"2":[0,0],"3":[0,0],"4":[0,0],"5":[0,0],"6":[0,0],"7":[0,0],"8":[0,0],"9":[0,0],"10":[0,0],"11":[0,0]},"_coverageSchema":"1a1c01bbd47fc00a2c39e90264f33305004495a9","hash":"9597ae10831d4fcae0d26293e6da09b93f1c06e7"}
,"/home/runner/work/pob/pob/pob-examples/simple-lib/lib/index.js": {"path":"/home/runner/work/pob/pob/pob-examples/simple-lib/lib/index.js","statementMap":{"0":{"start":{"line":2,"column":2},"end":{"line":2,"column":23}}},"fnMap":{"0":{"name":"simpleLib","decl":{"start":{"line":1,"column":24},"end":{"line":1,"column":33}},"loc":{"start":{"line":1,"column":36},"end":{"line":3,"column":1}},"line":1}},"branchMap":{},"s":{"0":1},"f":{"0":1},"b":{},"_coverageSchema":"1a1c01bbd47fc00a2c39e90264f33305004495a9","hash":"99892113a0516517538e151f4cbdfdcb918108e8"}
,"/home/runner/work/pob/pob/pob-examples/typescript-lib/src/index.ts": {"path":"/home/runner/work/pob/pob/pob-examples/typescript-lib/src/index.ts","statementMap":{"0":{"start":{"line":4,"column":2},"end":{"line":4,"column":73}}},"fnMap":{"0":{"name":"simpleLib","decl":{"start":{"line":3,"column":24},"end":{"line":3,"column":33}},"loc":{"start":{"line":3,"column":44},"end":{"line":5,"column":1}},"line":3}},"branchMap":{"0":{"loc":{"start":{"line":4,"column":28},"end":{"line":4,"column":70}},"type":"cond-expr","locations":[{"start":{"line":4,"column":52},"end":{"line":4,"column":58}},{"start":{"line":4,"column":61},"end":{"line":4,"column":70}}],"line":4}},"s":{"0":1},"f":{"0":1},"b":{"0":[1,0]},"_coverageSchema":"1a1c01bbd47fc00a2c39e90264f33305004495a9","hash":"0168d36325decd896e00511314f15aafe108ff20"}
}
