TN:
SF:packages/babel-plugin-fix-class-properties-uninitialized/lib/index.js
FN:3,(anonymous_0)
FN:7,(anonymous_1)
FNF:2
FNH:2
FNDA:4,(anonymous_0)
FNDA:9,(anonymous_1)
DA:3,2
DA:4,4
DA:8,9
DA:10,9
DA:11,12
DA:12,6
LF:6
LH:6
BRDA:11,0,0,6
BRDA:11,0,1,6
BRDA:11,1,0,12
BRDA:11,1,1,6
BRDA:11,1,2,6
BRF:5
BRH:5
end_of_record
TN:
SF:packages/babel-preset-pob-env/lib/index.js
FN:8,(anonymous_0)
FN:9,(anonymous_1)
FN:20,(anonymous_2)
FN:58,(anonymous_3)
FN:78,(anonymous_4)
FN:170,(anonymous_5)
FNF:6
FNH:6
FNDA:9,(anonymous_0)
FNDA:27,(anonymous_1)
FNDA:18,(anonymous_2)
FNDA:45,(anonymous_3)
FNDA:4,(anonymous_4)
FNDA:45,(anonymous_5)
DA:6,2
DA:8,2
DA:9,9
DA:10,27
DA:14,0
DA:20,9
DA:21,18
DA:22,0
DA:26,9
DA:28,9
DA:30,9
DA:32,9
DA:33,0
DA:41,9
DA:51,9
DA:52,0
DA:57,9
DA:58,9
DA:59,45
DA:60,0
DA:62,45
DA:63,45
DA:64,0
DA:70,9
DA:72,9
DA:73,9
DA:74,9
DA:76,9
DA:78,4
DA:80,9
DA:81,0
DA:84,9
DA:85,0
DA:94,9
DA:101,5
DA:102,0
DA:109,5
DA:112,4
DA:113,2
DA:117,2
DA:126,2
DA:131,4
DA:134,0
DA:135,0
DA:138,9
DA:170,45
LF:46
LH:35
BRDA:8,0,0,0
BRDA:10,1,0,0
BRDA:10,1,1,27
BRDA:11,2,0,27
BRDA:11,2,1,21
BRDA:21,3,0,0
BRDA:21,3,1,18
BRDA:26,4,0,9
BRDA:26,4,1,0
BRDA:28,5,0,9
BRDA:28,5,1,0
BRDA:30,6,0,0
BRDA:30,6,1,9
BRDA:32,7,0,0
BRDA:32,7,1,9
BRDA:32,8,0,9
BRDA:32,8,1,9
BRDA:41,9,0,0
BRDA:41,9,1,9
BRDA:51,10,0,0
BRDA:51,10,1,9
BRDA:59,11,0,0
BRDA:59,11,1,45
BRDA:63,12,0,0
BRDA:63,12,1,45
BRDA:63,13,0,45
BRDA:63,13,1,18
BRDA:70,14,0,7
BRDA:70,14,1,2
BRDA:72,15,0,7
BRDA:72,15,1,2
BRDA:73,16,0,7
BRDA:73,16,1,2
BRDA:74,17,0,7
BRDA:74,17,1,2
BRDA:76,18,0,0
BRDA:76,18,1,9
BRDA:80,19,0,0
BRDA:80,19,1,9
BRDA:84,20,0,0
BRDA:84,20,1,9
BRDA:84,21,0,9
BRDA:84,21,1,0
BRDA:94,22,0,5
BRDA:94,22,1,4
BRDA:94,22,2,0
BRDA:101,23,0,0
BRDA:101,23,1,5
BRDA:112,24,0,2
BRDA:112,24,1,2
BRDA:142,25,0,9
BRDA:142,25,1,4
BRDA:150,26,0,9
BRDA:150,26,1,4
BRDA:160,27,0,9
BRDA:160,27,1,2
BRDA:183,28,0,9
BRDA:183,28,1,9
BRF:58
BRH:41
end_of_record
TN:
SF:packages/babel-preset-pob-env/lib/__tests_fixtures__/node-async-import.js
FNF:0
FNH:0
DA:3,1
DA:9,1
DA:14,1
LF:3
LH:3
BRF:0
BRH:0
end_of_record
TN:
SF:packages/babel-preset-pob-env/lib/__tests_fixtures__/node14.8-top-level-await.js
FNF:0
FNH:0
DA:3,1
DA:9,1
DA:14,1
LF:3
LH:3
BRF:0
BRH:0
end_of_record
TN:
SF:packages/pob-babel/lib/createRollupConfig.js
FN:18,(anonymous_0)
FN:25,createRollupConfig
FN:58,(anonymous_2)
FN:70,(anonymous_3)
FN:76,(anonymous_4)
FN:100,(anonymous_5)
FN:111,(anonymous_6)
FN:132,(anonymous_7)
FN:133,(anonymous_8)
FN:223,(anonymous_9)
FN:224,(anonymous_10)
FNF:11
FNH:11
FNDA:5,(anonymous_0)
FNDA:3,createRollupConfig
FNDA:3,(anonymous_2)
FNDA:7,(anonymous_3)
FNDA:17,(anonymous_4)
FNDA:7,(anonymous_5)
FNDA:10,(anonymous_6)
FNDA:36,(anonymous_7)
FNDA:72,(anonymous_8)
FNDA:7,(anonymous_9)
FNDA:7,(anonymous_10)
DA:16,1
DA:18,1
DA:19,5
DA:20,5
DA:21,3
DA:22,0
DA:34,3
DA:35,0
DA:39,3
DA:40,0
DA:45,3
DA:46,3
DA:51,3
DA:58,3
DA:59,3
DA:62,0
DA:64,3
DA:68,3
DA:70,3
DA:72,7
DA:76,7
DA:77,17
DA:83,17
DA:84,7
DA:85,7
DA:88,10
DA:91,7
DA:92,0
DA:97,7
DA:100,3
DA:101,7
DA:102,7
DA:107,7
DA:109,7
DA:111,10
DA:133,72
DA:134,1
DA:136,35
DA:223,3
DA:224,7
DA:225,7
DA:226,7
LF:42
LH:37
BRDA:19,0,0,0
BRDA:19,0,1,5
BRDA:19,1,0,5
BRDA:19,1,1,2
BRDA:20,2,0,2
BRDA:20,2,1,3
BRDA:21,3,0,3
BRDA:21,3,1,0
BRDA:25,4,0,0
BRDA:26,5,0,0
BRDA:27,6,0,3
BRDA:28,7,0,3
BRDA:31,8,0,3
BRDA:31,9,0,3
BRDA:31,9,1,0
BRDA:34,10,0,0
BRDA:34,10,1,3
BRDA:39,11,0,0
BRDA:39,11,1,3
BRDA:45,12,0,3
BRDA:45,12,1,3
BRDA:46,13,0,0
BRDA:46,13,1,3
BRDA:51,14,0,3
BRDA:51,14,1,2
BRDA:51,14,2,2
BRDA:54,15,0,2
BRDA:54,15,1,2
BRDA:54,15,2,2
BRDA:54,15,3,0
BRDA:59,16,0,0
BRDA:59,16,1,0
BRDA:59,16,2,3
BRDA:72,17,0,0
BRDA:72,17,1,7
BRDA:72,18,0,7
BRDA:72,18,1,0
BRDA:72,18,2,0
BRDA:83,19,0,7
BRDA:83,19,1,10
BRDA:91,20,0,0
BRDA:91,20,1,7
BRDA:101,21,0,7
BRDA:101,21,1,5
BRDA:103,22,0,2
BRDA:103,22,1,5
BRDA:104,23,0,2
BRDA:104,23,1,0
BRDA:105,24,0,5
BRDA:105,24,1,2
BRDA:107,25,0,7
BRDA:107,25,1,4
BRDA:116,26,0,10
BRDA:116,26,1,2
BRDA:117,27,0,5
BRDA:117,27,1,5
BRDA:131,28,0,4
BRDA:131,28,1,3
BRDA:133,29,0,1
BRDA:133,29,1,35
BRDA:140,30,0,7
BRDA:140,30,1,3
BRDA:149,31,0,7
BRDA:149,31,1,2
BRDA:168,32,0,3
BRDA:168,32,1,4
BRF:66
BRH:50
end_of_record
TN:
SF:packages/pob-babel/lib/rollup-plugin-ignore-browser-only-imports.js
FN:5,ignoreBrowserOnlyImports
FN:7,(anonymous_1)
FN:8,(anonymous_2)
FN:12,(anonymous_3)
FNF:4
FNH:4
FNDA:3,ignoreBrowserOnlyImports
FNDA:13,(anonymous_1)
FNDA:26,(anonymous_2)
FNDA:7,(anonymous_3)
DA:1,1
DA:3,1
DA:6,3
DA:8,26
DA:13,7
LF:5
LH:5
BRDA:8,0,0,1
BRDA:8,0,1,12
BRDA:13,1,0,1
BRDA:13,1,1,6
BRF:4
BRH:4
end_of_record
TN:
SF:pob-examples/simple-lib/lib/index.js
FN:1,simpleLib
FNF:1
FNH:1
FNDA:1,simpleLib
DA:2,1
LF:1
LH:1
BRF:0
BRH:0
end_of_record
TN:
SF:pob-examples/typescript-lib/src/index.ts
FN:1,simpleLib
FNF:1
FNH:1
FNDA:1,simpleLib
DA:2,1
LF:1
LH:1
BRF:0
BRH:0
end_of_record
