TN:
SF:packages/babel-plugin-fix-class-properties-uninitialized/lib/index.js
FN:3,(anonymous_0)
FN:7,(anonymous_1)
FNF:2
FNH:2
FNDA:4,(anonymous_0)
FNDA:9,(anonymous_1)
DA:3,2
DA:4,4
DA:8,9
DA:10,9
DA:11,12
DA:12,6
LF:6
LH:6
BRDA:11,0,0,6
BRDA:11,0,1,6
BRDA:11,1,0,12
BRDA:11,1,1,6
BRDA:11,1,2,6
BRF:5
BRH:5
end_of_record
TN:
SF:packages/babel-preset-pob-env/lib/index.js
FN:8,(anonymous_0)
FN:9,(anonymous_1)
FN:20,(anonymous_2)
FN:48,(anonymous_3)
FNF:4
FNH:4
FNDA:9,(anonymous_0)
FNDA:27,(anonymous_1)
FNDA:27,(anonymous_2)
FNDA:4,(anonymous_3)
DA:6,2
DA:8,2
DA:9,9
DA:10,27
DA:14,0
DA:20,9
DA:21,27
DA:22,0
DA:26,9
DA:28,9
DA:30,9
DA:32,9
DA:33,0
DA:40,9
DA:42,9
DA:43,9
DA:44,9
DA:46,9
DA:48,4
DA:50,9
DA:51,0
DA:54,9
DA:55,0
DA:64,9
DA:71,5
DA:72,0
DA:79,5
DA:82,4
DA:83,2
DA:87,2
DA:96,2
DA:101,4
DA:104,0
DA:105,0
DA:108,9
LF:35
LH:27
BRDA:8,0,0,0
BRDA:10,1,0,0
BRDA:10,1,1,27
BRDA:11,2,0,27
BRDA:11,2,1,21
BRDA:21,3,0,0
BRDA:21,3,1,27
BRDA:26,4,0,9
BRDA:26,4,1,0
BRDA:28,5,0,9
BRDA:28,5,1,0
BRDA:30,6,0,0
BRDA:30,6,1,9
BRDA:32,7,0,0
BRDA:32,7,1,9
BRDA:32,8,0,9
BRDA:32,8,1,9
BRDA:40,9,0,7
BRDA:40,9,1,2
BRDA:42,10,0,7
BRDA:42,10,1,2
BRDA:43,11,0,7
BRDA:43,11,1,2
BRDA:44,12,0,7
BRDA:44,12,1,2
BRDA:46,13,0,0
BRDA:46,13,1,9
BRDA:50,14,0,0
BRDA:50,14,1,9
BRDA:54,15,0,0
BRDA:54,15,1,9
BRDA:54,16,0,9
BRDA:54,16,1,0
BRDA:64,17,0,5
BRDA:64,17,1,4
BRDA:64,17,2,0
BRDA:71,18,0,0
BRDA:71,18,1,5
BRDA:82,19,0,2
BRDA:82,19,1,2
BRDA:112,20,0,9
BRDA:112,20,1,4
BRDA:120,21,0,9
BRDA:120,21,1,4
BRDA:130,22,0,9
BRDA:130,22,1,2
BRDA:148,23,0,9
BRDA:148,23,1,9
BRF:48
BRH:35
end_of_record
TN:
SF:packages/babel-preset-pob-env/lib/pob-babel-replace-plugin.js
FN:3,(anonymous_0)
FN:6,(anonymous_1)
FN:22,(anonymous_2)
FN:43,(anonymous_3)
FN:51,(anonymous_4)
FN:65,(anonymous_5)
FN:71,(anonymous_6)
FNF:7
FNH:7
FNDA:9,(anonymous_0)
FNDA:27,(anonymous_1)
FNDA:18,(anonymous_2)
FNDA:25,(anonymous_3)
FNDA:3,(anonymous_4)
FNDA:3,(anonymous_5)
FNDA:186,(anonymous_6)
DA:3,2
DA:4,9
DA:6,9
DA:7,27
DA:22,9
DA:23,18
DA:24,18
DA:25,18
DA:28,9
DA:29,9
DA:30,9
DA:32,9
DA:40,9
DA:44,25
DA:45,25
DA:46,3
DA:47,0
DA:51,3
DA:52,3
DA:53,0
DA:56,3
DA:58,3
DA:59,0
DA:64,3
DA:65,3
DA:69,3
DA:72,186
DA:73,186
DA:74,56
DA:77,130
DA:78,6
DA:79,124
DA:88,0
LF:33
LH:29
BRDA:8,0,0,9
BRDA:8,0,1,18
BRDA:23,1,0,0
BRDA:23,1,1,18
BRDA:24,2,0,0
BRDA:24,2,1,18
BRDA:45,3,0,22
BRDA:45,3,1,3
BRDA:46,4,0,0
BRDA:46,4,1,3
BRDA:52,5,0,0
BRDA:52,5,1,3
BRDA:58,6,0,0
BRDA:58,6,1,3
BRDA:73,7,0,56
BRDA:73,7,1,130
BRDA:77,8,0,6
BRDA:77,8,1,124
BRDA:79,9,0,0
BRDA:79,9,1,124
BRF:20
BRH:14
end_of_record
TN:
SF:packages/babel-preset-pob-env/lib/__tests_fixtures__/node-async-import.js
FNF:0
FNH:0
DA:3,1
DA:9,1
DA:14,1
LF:3
LH:3
BRF:0
BRH:0
end_of_record
TN:
SF:packages/babel-preset-pob-env/lib/__tests_fixtures__/node14.8-top-level-await.js
FNF:0
FNH:0
DA:3,1
DA:9,1
DA:14,1
LF:3
LH:3
BRF:0
BRH:0
end_of_record
TN:
SF:packages/pob-babel/lib/createRollupConfig.js
FN:18,(anonymous_0)
FN:25,createRollupConfig
FN:65,(anonymous_2)
FN:77,(anonymous_3)
FN:83,(anonymous_4)
FN:107,(anonymous_5)
FN:118,(anonymous_6)
FN:139,(anonymous_7)
FN:140,(anonymous_8)
FN:224,(anonymous_9)
FN:225,(anonymous_10)
FNF:11
FNH:11
FNDA:5,(anonymous_0)
FNDA:3,createRollupConfig
FNDA:3,(anonymous_2)
FNDA:7,(anonymous_3)
FNDA:17,(anonymous_4)
FNDA:7,(anonymous_5)
FNDA:10,(anonymous_6)
FNDA:34,(anonymous_7)
FNDA:68,(anonymous_8)
FNDA:7,(anonymous_9)
FNDA:7,(anonymous_10)
DA:16,1
DA:18,1
DA:19,5
DA:20,5
DA:21,3
DA:22,0
DA:35,3
DA:36,0
DA:40,3
DA:41,0
DA:46,3
DA:47,3
DA:52,3
DA:60,3
DA:61,3
DA:65,3
DA:66,3
DA:69,0
DA:71,3
DA:75,3
DA:77,3
DA:79,7
DA:83,7
DA:84,17
DA:90,17
DA:91,7
DA:92,7
DA:95,10
DA:98,7
DA:99,0
DA:104,7
DA:107,3
DA:108,7
DA:109,7
DA:114,7
DA:116,7
DA:118,10
DA:140,68
DA:141,1
DA:143,33
DA:224,3
DA:225,7
DA:226,7
DA:227,7
LF:44
LH:39
BRDA:19,0,0,0
BRDA:19,0,1,5
BRDA:19,1,0,5
BRDA:19,1,1,2
BRDA:20,2,0,2
BRDA:20,2,1,3
BRDA:21,3,0,3
BRDA:21,3,1,0
BRDA:25,4,0,0
BRDA:26,5,0,0
BRDA:27,6,0,3
BRDA:28,7,0,3
BRDA:29,8,0,3
BRDA:32,9,0,3
BRDA:32,10,0,3
BRDA:32,10,1,0
BRDA:35,11,0,0
BRDA:35,11,1,3
BRDA:40,12,0,0
BRDA:40,12,1,3
BRDA:46,13,0,3
BRDA:46,13,1,3
BRDA:47,14,0,0
BRDA:47,14,1,3
BRDA:52,15,0,3
BRDA:52,15,1,2
BRDA:52,15,2,2
BRDA:55,16,0,2
BRDA:55,16,1,2
BRDA:55,16,2,2
BRDA:55,16,3,0
BRDA:60,17,0,3
BRDA:60,17,1,3
BRDA:61,18,0,3
BRDA:61,18,1,0
BRDA:66,19,0,0
BRDA:66,19,1,0
BRDA:66,19,2,3
BRDA:79,20,0,0
BRDA:79,20,1,7
BRDA:79,21,0,7
BRDA:79,21,1,0
BRDA:79,21,2,0
BRDA:90,22,0,7
BRDA:90,22,1,10
BRDA:98,23,0,0
BRDA:98,23,1,7
BRDA:108,24,0,7
BRDA:108,24,1,5
BRDA:110,25,0,2
BRDA:110,25,1,5
BRDA:111,26,0,2
BRDA:111,26,1,0
BRDA:112,27,0,5
BRDA:112,27,1,2
BRDA:114,28,0,7
BRDA:114,28,1,4
BRDA:123,29,0,10
BRDA:123,29,1,2
BRDA:124,30,0,5
BRDA:124,30,1,5
BRDA:138,31,0,4
BRDA:138,31,1,3
BRDA:140,32,0,1
BRDA:140,32,1,33
BRDA:147,33,0,7
BRDA:147,33,1,3
BRDA:156,34,0,7
BRDA:156,34,1,2
BRDA:175,35,0,3
BRDA:175,35,1,4
BRF:71
BRH:54
end_of_record
TN:
SF:packages/pob-babel/lib/rollup-plugin-ignore-browser-only-imports.js
FN:5,ignoreBrowserOnlyImports
FN:7,(anonymous_1)
FN:8,(anonymous_2)
FN:12,(anonymous_3)
FNF:4
FNH:4
FNDA:3,ignoreBrowserOnlyImports
FNDA:13,(anonymous_1)
FNDA:26,(anonymous_2)
FNDA:7,(anonymous_3)
DA:1,1
DA:3,1
DA:6,3
DA:8,26
DA:13,7
LF:5
LH:5
BRDA:8,0,0,1
BRDA:8,0,1,12
BRDA:13,1,0,1
BRDA:13,1,1,6
BRF:4
BRH:4
end_of_record
TN:
SF:pob-examples/simple-lib/lib/index.js
FN:1,simpleLib
FNF:1
FNH:1
FNDA:1,simpleLib
DA:2,1
LF:1
LH:1
BRF:0
BRH:0
end_of_record
TN:
SF:pob-examples/typescript-lib/src/index.ts
FN:1,simpleLib
FNF:1
FNH:1
FNDA:1,simpleLib
DA:2,1
LF:1
LH:1
BRF:0
BRH:0
end_of_record
